Using pre-set license
Built from '2022.3/release' branch; Version is '2022.3.18f1 (d29bea25151d) revision 13802474'; Using compiler version '192829333'; Build Type 'Release'
OS: 'Windows 10  (10.0.19045) 64bit Professional' Language: 'tr' Physical Memory: 16291 MB
BatchMode: 1, IsHumanControllingUs: 0, StartBugReporterOnCrash: 0, Is64bit: 1, IsPro: 1

COMMAND LINE ARGUMENTS:
C:\Program Files\Unity\Hub\Editor\2022.3.18f1\Editor\Unity.exe
-adb2
-batchMode
-noUpm
-name
AssetImportWorker4
-projectPath
C:/Users/Baris/Candy Coaster
-logFile
Logs/AssetImportWorker4.log
-srvPort
52012
Successfully changed project path to: C:/Users/Baris/Candy Coaster
C:/Users/Baris/Candy Coaster
[UnityMemory] Configuration Parameters - Can be set up in boot.config
    "memorysetup-bucket-allocator-granularity=16"
    "memorysetup-bucket-allocator-bucket-count=8"
    "memorysetup-bucket-allocator-block-size=33554432"
    "memorysetup-bucket-allocator-block-count=8"
    "memorysetup-main-allocator-block-size=16777216"
    "memorysetup-thread-allocator-block-size=16777216"
    "memorysetup-gfx-main-allocator-block-size=16777216"
    "memorysetup-gfx-thread-allocator-block-size=16777216"
    "memorysetup-cache-allocator-block-size=4194304"
    "memorysetup-typetree-allocator-block-size=2097152"
    "memorysetup-profiler-bucket-allocator-granularity=16"
    "memorysetup-profiler-bucket-allocator-bucket-count=8"
    "memorysetup-profiler-bucket-allocator-block-size=33554432"
    "memorysetup-profiler-bucket-allocator-block-count=8"
    "memorysetup-profiler-allocator-block-size=16777216"
    "memorysetup-profiler-editor-allocator-block-size=1048576"
    "memorysetup-temp-allocator-size-main=16777216"
    "memorysetup-job-temp-allocator-block-size=2097152"
    "memorysetup-job-temp-allocator-block-size-background=1048576"
    "memorysetup-job-temp-allocator-reduction-small-platforms=262144"
    "memorysetup-allocator-temp-initial-block-size-main=262144"
    "memorysetup-allocator-temp-initial-block-size-worker=262144"
    "memorysetup-temp-allocator-size-background-worker=32768"
    "memorysetup-temp-allocator-size-job-worker=262144"
    "memorysetup-temp-allocator-size-preload-manager=33554432"
    "memorysetup-temp-allocator-size-nav-mesh-worker=65536"
    "memorysetup-temp-allocator-size-audio-worker=65536"
    "memorysetup-temp-allocator-size-cloud-worker=32768"
    "memorysetup-temp-allocator-size-gi-baking-worker=262144"
    "memorysetup-temp-allocator-size-gfx=262144"
Player connection [23168] Host "[IP] 172.22.160.1 [Port] 0 [Flags] 2 [Guid] 3813303434 [EditorId] 3813303434 [Version] 1048832 [Id] WindowsEditor(7,DESKTOP-R7HC1JR) [Debug] 1 [PackageName] WindowsEditor [ProjectName] Editor" joined multi-casting on [225.0.0.222:54997]...

Player connection [23168] Host "[IP] 172.22.160.1 [Port] 0 [Flags] 2 [Guid] 3813303434 [EditorId] 3813303434 [Version] 1048832 [Id] WindowsEditor(7,DESKTOP-R7HC1JR) [Debug] 1 [PackageName] WindowsEditor [ProjectName] Editor" joined alternative multi-casting on [225.0.0.222:34997]...

[Physics::Module] Initialized MultithreadedJobDispatcher with 11 workers.
Refreshing native plugins compatible for Editor in 14.82 ms, found 4 plugins.
Preloading 0 native plugins for Editor in 0.00 ms.
Initialize engine version: 2022.3.18f1 (d29bea25151d)
[Subsystems] Discovering subsystems at path C:/Program Files/Unity/Hub/Editor/2022.3.18f1/Editor/Data/Resources/UnitySubsystems
[Subsystems] Discovering subsystems at path C:/Users/Baris/Candy Coaster/Assets
GfxDevice: creating device client; threaded=0; jobified=0
Direct3D:
    Version:  Direct3D 11.0 [level 11.1]
    Renderer: NVIDIA GeForce RTX 2060 (ID=0x1f15)
    Vendor:   NVIDIA
    VRAM:     5955 MB
    Driver:   31.0.15.5123
Initialize mono
Mono path[0] = 'C:/Program Files/Unity/Hub/Editor/2022.3.18f1/Editor/Data/Managed'
Mono path[1] = 'C:/Program Files/Unity/Hub/Editor/2022.3.18f1/Editor/Data/MonoBleedingEdge/lib/mono/unityjit-win32'
Mono config path = 'C:/Program Files/Unity/Hub/Editor/2022.3.18f1/Editor/Data/MonoBleedingEdge/etc'
Using monoOptions --debugger-agent=transport=dt_socket,embedding=1,server=y,suspend=n,address=127.0.0.1:56144
Begin MonoManager ReloadAssembly
Registering precompiled unity dll's ...
Register platform support module: C:/Program Files/Unity/Hub/Editor/2022.3.18f1/Editor/Data/PlaybackEngines/WebGLSupport/UnityEditor.WebGL.Extensions.dll
Register platform support module: C:/Program Files/Unity/Hub/Editor/2022.3.18f1/Editor/Data/PlaybackEngines/AndroidPlayer/UnityEditor.Android.Extensions.dll
Register platform support module: C:/Program Files/Unity/Hub/Editor/2022.3.18f1/Editor/Data/PlaybackEngines/iOSSupport/UnityEditor.iOS.Extensions.dll
Register platform support module: C:/Program Files/Unity/Hub/Editor/2022.3.18f1/Editor/Data/PlaybackEngines/WindowsStandaloneSupport/UnityEditor.WindowsStandalone.Extensions.dll
Register platform support module: C:/Program Files/Unity/Hub/Editor/2022.3.18f1/Editor/Data/PlaybackEngines/MetroSupport/UnityEditor.UWP.Extensions.dll
Registered in 0.016653 seconds.
- Loaded All Assemblies, in  0.371 seconds
Native extension for UWP target not found
Native extension for WindowsStandalone target not found
[usbmuxd] Start listen thread
[usbmuxd] Listen thread started
Native extension for iOS target not found
Native extension for Android target not found
Android Extension - Scanning For ADB Devices 252 ms
Native extension for WebGL target not found
Mono: successfully reloaded assembly
- Finished resetting the current domain, in  0.584 seconds
Domain Reload Profiling: 954ms
	BeginReloadAssembly (101ms)
		ExecutionOrderSort (0ms)
		DisableScriptedObjects (0ms)
		BackupInstance (0ms)
		ReleaseScriptingObjects (0ms)
		CreateAndSetChildDomain (1ms)
	RebuildCommonClasses (32ms)
	RebuildNativeTypeToScriptingClass (11ms)
	initialDomainReloadingComplete (70ms)
	LoadAllAssembliesAndSetupDomain (155ms)
		LoadAssemblies (100ms)
		RebuildTransferFunctionScriptingTraits (0ms)
		AnalyzeDomain (152ms)
			TypeCache.Refresh (151ms)
				TypeCache.ScanAssembly (137ms)
			ScanForSourceGeneratedMonoScriptInfo (0ms)
			ResolveRequiredComponents (0ms)
	FinalizeReload (585ms)
		ReleaseScriptCaches (0ms)
		RebuildScriptCaches (0ms)
		SetupLoadedEditorAssemblies (526ms)
			LogAssemblyErrors (0ms)
			InitializePlatformSupportModulesInManaged (363ms)
			SetLoadedEditorAssemblies (5ms)
			RefreshPlugins (0ms)
			BeforeProcessingInitializeOnLoad (3ms)
			ProcessInitializeOnLoadAttributes (109ms)
			ProcessInitializeOnLoadMethodAttributes (47ms)
			AfterProcessingInitializeOnLoad (0ms)
			EditorAssembliesLoaded (0ms)
		ExecutionOrderSort2 (0ms)
		AwakeInstancesAfterBackupRestoration (0ms)
========================================================================
Worker process is ready to serve import requests
Begin MonoManager ReloadAssembly
- Loaded All Assemblies, in  0.702 seconds
Refreshing native plugins compatible for Editor in 6.69 ms, found 4 plugins.
Native extension for UWP target not found
Native extension for WindowsStandalone target not found
Native extension for iOS target not found
Native extension for Android target not found
Native extension for WebGL target not found
Package Manager log level set to [2]
[Package Manager] Server::EnsureServerProcessIsRunning -- launch failed, reason: Unity was launched with the -noUpm command-line argument
[Package Manager] UpmClient::Send -- Unable to send message (not connected to UPM process).
[Package Manager] Cannot connect to Unity Package Manager local server
Mono: successfully reloaded assembly
[Package Manager] Server::EnsureServerProcessIsRunning -- launch failed, reason: Unity was launched with the -noUpm command-line argument
[Package Manager] UpmClient::Send -- Unable to send message (not connected to UPM process).
[Package Manager] Cannot connect to Unity Package Manager local server
[Package Manager] Server::EnsureServerProcessIsRunning -- launch failed, reason: Unity was launched with the -noUpm command-line argument
[Package Manager] UpmClient::Send -- Unable to send message (not connected to UPM process).
[Package Manager] Cannot connect to Unity Package Manager local server
- Finished resetting the current domain, in  0.777 seconds
Domain Reload Profiling: 1475ms
	BeginReloadAssembly (145ms)
		ExecutionOrderSort (0ms)
		DisableScriptedObjects (5ms)
		BackupInstance (0ms)
		ReleaseScriptingObjects (0ms)
		CreateAndSetChildDomain (22ms)
	RebuildCommonClasses (32ms)
	RebuildNativeTypeToScriptingClass (11ms)
	initialDomainReloadingComplete (41ms)
	LoadAllAssembliesAndSetupDomain (468ms)
		LoadAssemblies (335ms)
		RebuildTransferFunctionScriptingTraits (0ms)
		AnalyzeDomain (218ms)
			TypeCache.Refresh (187ms)
				TypeCache.ScanAssembly (164ms)
			ScanForSourceGeneratedMonoScriptInfo (25ms)
			ResolveRequiredComponents (5ms)
	FinalizeReload (778ms)
		ReleaseScriptCaches (0ms)
		RebuildScriptCaches (0ms)
		SetupLoadedEditorAssemblies (615ms)
			LogAssemblyErrors (0ms)
			InitializePlatformSupportModulesInManaged (36ms)
			SetLoadedEditorAssemblies (5ms)
			RefreshPlugins (0ms)
			BeforeProcessingInitializeOnLoad (79ms)
			ProcessInitializeOnLoadAttributes (451ms)
			ProcessInitializeOnLoadMethodAttributes (38ms)
			AfterProcessingInitializeOnLoad (7ms)
			EditorAssembliesLoaded (0ms)
		ExecutionOrderSort2 (0ms)
		AwakeInstancesAfterBackupRestoration (9ms)
Launched and connected shader compiler UnityShaderCompiler.exe after 0.04 seconds
Refreshing native plugins compatible for Editor in 6.79 ms, found 4 plugins.
Preloading 0 native plugins for Editor in 0.00 ms.
Unloading 4293 Unused Serialized files (Serialized files now loaded: 0)
Unloading 78 unused Assets / (67.2 KB). Loaded Objects now: 4749.
Memory consumption went from 156.2 MB to 156.1 MB.
Total: 4.036900 ms (FindLiveObjects: 0.377400 ms CreateObjectMapping: 0.372400 ms MarkObjects: 3.162100 ms  DeleteObjects: 0.124200 ms)

AssetImportParameters requested are different than current active one (requested -> active):
  custom:container-demuxer-ogg: 62fdf1f143b41e24485cea50d1cbac27 -> 
  custom:video-decoder-ogg-theora: a1e56fd34408186e4bbccfd4996cb3dc -> 
  custom:framework-win-MediaFoundation: 216162199b28c13a410421893ffa2e32 -> 
  custom:CustomObjectIndexerAttribute: 6d391050e5a25f67b0a2c618074f2cd9 -> 
  custom:container-demuxer-webm: 4f35f7cbe854078d1ac9338744f61a02 -> 
  custom:container-muxer-webm: aa71ff27fc2769a1b78a27578f13a17b -> 
  custom:video-decoder-webm-vp8: 9c59270c3fd7afecdb556c50c9e8de78 -> 
  custom:SearchIndexIgnoredProperties: e643bd26f0fe6173181afceb89e7c659 -> 
  custom:AudioImporter_EditorPlatform: d09bf68614088b80899f8185d706f6e7 -> 
  custom:video-encoder-webm-vp8: eb34c28f22e8b96e1ab97ce403110664 -> 
  custom:audio-decoder-ogg-vorbis: bf7c407c2cedff20999df2af8eb42d56 -> 
  custom:audio-encoder-webm-vorbis: bf7c407c2cedff20999df2af8eb42d56 -> 
========================================================================
Received Import Request.
  Time since last request: 2145.555964 seconds.
  path: Packages/com.unity.2d.sprite/Editor/ObjectMenuCreation/DefaultAssets/Textures/v2/9Sliced.png
  artifactKey: Guid(8884154dfe85442a3a3578be807dbcdf) Importer(815301076,1909f56bfc062723c751e8b465ee728b)
Start importing Packages/com.unity.2d.sprite/Editor/ObjectMenuCreation/DefaultAssets/Textures/v2/9Sliced.png using Guid(8884154dfe85442a3a3578be807dbcdf) Importer(815301076,1909f56bfc062723c751e8b465ee728b)  -> (artifact id: '5e9d7b10819d6b2c016b581df68da262') in 0.109533 seconds
Number of updated asset objects reloaded before import = 0
Number of asset objects unloaded after import = 3
========================================================================
Received Import Request.
  Time since last request: 0.745330 seconds.
  path: Packages/com.unity.2d.animation/Editor/Assets/ComponentIcons/Animation.IKCCD On@256.png
  artifactKey: Guid(ba345f2f643d842459447c374943401d) Importer(815301076,1909f56bfc062723c751e8b465ee728b)
Start importing Packages/com.unity.2d.animation/Editor/Assets/ComponentIcons/Animation.IKCCD On@256.png using Guid(ba345f2f643d842459447c374943401d) Importer(815301076,1909f56bfc062723c751e8b465ee728b)  -> (artifact id: 'ef30ded36a673b754cacd92abc03d0e0') in 0.031350 seconds
Number of updated asset objects reloaded before import = 0
Number of asset objects unloaded after import = 3
========================================================================
Received Import Request.
  Time since last request: 0.039372 seconds.
  path: Packages/com.unity.2d.animation/Editor/Assets/ComponentIcons/Animation.IKCCD@64.png
  artifactKey: Guid(84b96a9d1862c4a59afc0fff9875bfc4) Importer(815301076,1909f56bfc062723c751e8b465ee728b)
Start importing Packages/com.unity.2d.animation/Editor/Assets/ComponentIcons/Animation.IKCCD@64.png using Guid(84b96a9d1862c4a59afc0fff9875bfc4) Importer(815301076,1909f56bfc062723c751e8b465ee728b)  -> (artifact id: '82ef3e312de77de35a3cbda65270a716') in 0.023315 seconds
Number of updated asset objects reloaded before import = 0
Number of asset objects unloaded after import = 3
========================================================================
Received Import Request.
  Time since last request: 0.001410 seconds.
  path: Packages/com.unity.2d.animation/Editor/Assets/ComponentIcons/Animation.IKFabrik On.png
  artifactKey: Guid(9efb82d91ad0e4fdfbf6a09635f9d78d) Importer(815301076,1909f56bfc062723c751e8b465ee728b)
Start importing Packages/com.unity.2d.animation/Editor/Assets/ComponentIcons/Animation.IKFabrik On.png using Guid(9efb82d91ad0e4fdfbf6a09635f9d78d) Importer(815301076,1909f56bfc062723c751e8b465ee728b)  -> (artifact id: '09c620ddd61bf55a6a48da143475931e') in 0.021519 seconds
Number of updated asset objects reloaded before import = 0
Number of asset objects unloaded after import = 3
========================================================================
Received Import Request.
  Time since last request: 0.188706 seconds.
  path: Packages/com.unity.2d.animation/Editor/Assets/ComponentIcons/Animation.IKFabrik On@64.png
  artifactKey: Guid(009774248359949e3b9317677c6678da) Importer(815301076,1909f56bfc062723c751e8b465ee728b)
Start importing Packages/com.unity.2d.animation/Editor/Assets/ComponentIcons/Animation.IKFabrik On@64.png using Guid(009774248359949e3b9317677c6678da) Importer(815301076,1909f56bfc062723c751e8b465ee728b)  -> (artifact id: 'ce5029501d9ea183c992d0f8d0426a0f') in 0.023383 seconds
Number of updated asset objects reloaded before import = 0
Number of asset objects unloaded after import = 3
========================================================================
Received Import Request.
  Time since last request: 0.024400 seconds.
  path: Packages/com.unity.2d.animation/Editor/Assets/ComponentIcons/Animation.IKFabrik On@256.png
  artifactKey: Guid(b533c652136df4744a089524507a44c6) Importer(815301076,1909f56bfc062723c751e8b465ee728b)
Start importing Packages/com.unity.2d.animation/Editor/Assets/ComponentIcons/Animation.IKFabrik On@256.png using Guid(b533c652136df4744a089524507a44c6) Importer(815301076,1909f56bfc062723c751e8b465ee728b)  -> (artifact id: '0d17a275db3a7034992e76c549e8a457') in 0.023852 seconds
Number of updated asset objects reloaded before import = 0
Number of asset objects unloaded after import = 3
========================================================================
Received Import Request.
  Time since last request: 0.738165 seconds.
  path: Packages/com.unity.2d.sprite/Editor/ObjectMenuCreation/DefaultAssets/Textures/Capsule.png
  artifactKey: Guid(bd3cb4af8406d4436a2ae8c2aafe1f8d) Importer(815301076,1909f56bfc062723c751e8b465ee728b)
Start importing Packages/com.unity.2d.sprite/Editor/ObjectMenuCreation/DefaultAssets/Textures/Capsule.png using Guid(bd3cb4af8406d4436a2ae8c2aafe1f8d) Importer(815301076,1909f56bfc062723c751e8b465ee728b)  -> (artifact id: 'd780e3cef2f389e1d59333cf40a7760e') in 0.031175 seconds
Number of updated asset objects reloaded before import = 0
Number of asset objects unloaded after import = 3
========================================================================
Received Import Request.
  Time since last request: 40.560178 seconds.
  path: Assets/Prefabs/candy1_blue_02.png
  artifactKey: Guid(5477ede10de8dbd4caccdbcc496bfcdd) Importer(815301076,1909f56bfc062723c751e8b465ee728b)
Start importing Assets/Prefabs/candy1_blue_02.png using Guid(5477ede10de8dbd4caccdbcc496bfcdd) Importer(815301076,1909f56bfc062723c751e8b465ee728b)  -> (artifact id: '4be4f02fdce1201c2a9e4e8e5713cc73') in 0.045331 seconds
Number of updated asset objects reloaded before import = 0
Number of asset objects unloaded after import = 2
========================================================================
Received Import Request.
  Time since last request: 2.494506 seconds.
  path: Assets/Prefabs/candy.prefab
  artifactKey: Guid(4b87c46bb23263f4abc0434b9fa9b1b6) Importer(815301076,1909f56bfc062723c751e8b465ee728b)
Start importing Assets/Prefabs/candy.prefab using Guid(4b87c46bb23263f4abc0434b9fa9b1b6) Importer(815301076,1909f56bfc062723c751e8b465ee728b)  -> (artifact id: '5d22cd1b4abaa84fe27362adf3023bc9') in 0.064709 seconds
Number of updated asset objects reloaded before import = 0
Number of asset objects unloaded after import = 7
========================================================================
Received Import Request.
  Time since last request: 661.527184 seconds.
  path: Assets/candy_110/ball1.png
  artifactKey: Guid(af1a5a0fe0fa98c40827b6ec06676ac1) Importer(815301076,1909f56bfc062723c751e8b465ee728b)
Start importing Assets/candy_110/ball1.png using Guid(af1a5a0fe0fa98c40827b6ec06676ac1) Importer(815301076,1909f56bfc062723c751e8b465ee728b)  -> (artifact id: 'd8c4a52129e892b78f50e6d31c7b2868') in 0.030747 seconds
Number of updated asset objects reloaded before import = 0
Number of asset objects unloaded after import = 2
========================================================================
Received Import Request.
  Time since last request: 0.000046 seconds.
  path: Assets/candy_110/candy1_blue_01.png
  artifactKey: Guid(7f71e024d9332c74a8d06cc9867f279b) Importer(815301076,1909f56bfc062723c751e8b465ee728b)
Start importing Assets/candy_110/candy1_blue_01.png using Guid(7f71e024d9332c74a8d06cc9867f279b) Importer(815301076,1909f56bfc062723c751e8b465ee728b)  -> (artifact id: '165ac46ccc58e20ca610953d2dcfbfd1') in 0.027570 seconds
Number of updated asset objects reloaded before import = 0
Number of asset objects unloaded after import = 2
========================================================================
Received Import Request.
  Time since last request: 0.000021 seconds.
  path: Assets/candy_110/candy1_purple_01.png
  artifactKey: Guid(0c650e9a914ac1d4b814ff43b10a014a) Importer(815301076,1909f56bfc062723c751e8b465ee728b)
Start importing Assets/candy_110/candy1_purple_01.png using Guid(0c650e9a914ac1d4b814ff43b10a014a) Importer(815301076,1909f56bfc062723c751e8b465ee728b)  -> (artifact id: '7c3aa9cc6a592a1a98e09964b7fa558c') in 0.025662 seconds
Number of updated asset objects reloaded before import = 0
Number of asset objects unloaded after import = 2
========================================================================
Received Import Request.
  Time since last request: 0.000026 seconds.
  path: Assets/candy_110/candy2_orange_02.png
  artifactKey: Guid(5de16284931ccc645bcff69a7300c52f) Importer(815301076,1909f56bfc062723c751e8b465ee728b)
Start importing Assets/candy_110/candy2_orange_02.png using Guid(5de16284931ccc645bcff69a7300c52f) Importer(815301076,1909f56bfc062723c751e8b465ee728b)  -> (artifact id: 'bb2213a7bb63cc125ec7f08eac3bca4a') in 0.023946 seconds
Number of updated asset objects reloaded before import = 0
Number of asset objects unloaded after import = 2
========================================================================
Received Import Request.
  Time since last request: 0.000052 seconds.
  path: Assets/candy_110/candy1_orange_03.png
  artifactKey: Guid(b6ea5f38ae3d4114984ed537d3f90bea) Importer(815301076,1909f56bfc062723c751e8b465ee728b)
Start importing Assets/candy_110/candy1_orange_03.png using Guid(b6ea5f38ae3d4114984ed537d3f90bea) Importer(815301076,1909f56bfc062723c751e8b465ee728b)  -> (artifact id: '81083538bbd05845b698f1732c3c8dee') in 0.023375 seconds
Number of updated asset objects reloaded before import = 0
Number of asset objects unloaded after import = 2
========================================================================
Received Import Request.
  Time since last request: 0.000017 seconds.
  path: Assets/candy_110/candy3_purple_03.png
  artifactKey: Guid(04e6162fde12278438d4ae8fd912b879) Importer(815301076,1909f56bfc062723c751e8b465ee728b)
Start importing Assets/candy_110/candy3_purple_03.png using Guid(04e6162fde12278438d4ae8fd912b879) Importer(815301076,1909f56bfc062723c751e8b465ee728b)  -> (artifact id: 'ae2c53db2a495e478c7f29d379c3cd8b') in 0.020918 seconds
Number of updated asset objects reloaded before import = 0
Number of asset objects unloaded after import = 2
========================================================================
Received Import Request.
  Time since last request: 0.000015 seconds.
  path: Assets/candy_110/candy2_yellow_01.png
  artifactKey: Guid(05c4bf0d026c78f41b9f4cc0c483cbd7) Importer(815301076,1909f56bfc062723c751e8b465ee728b)
Start importing Assets/candy_110/candy2_yellow_01.png using Guid(05c4bf0d026c78f41b9f4cc0c483cbd7) Importer(815301076,1909f56bfc062723c751e8b465ee728b)  -> (artifact id: '5cf80d6f3f685c6921fbb760741bcf42') in 0.020637 seconds
Number of updated asset objects reloaded before import = 0
Number of asset objects unloaded after import = 2
========================================================================
Received Import Request.
  Time since last request: 0.000015 seconds.
  path: Assets/candy_110/candy5_orange_03.png
  artifactKey: Guid(33e450fa5d24deb42b9c81b1b95c6cb4) Importer(815301076,1909f56bfc062723c751e8b465ee728b)
Start importing Assets/candy_110/candy5_orange_03.png using Guid(33e450fa5d24deb42b9c81b1b95c6cb4) Importer(815301076,1909f56bfc062723c751e8b465ee728b)  -> (artifact id: 'cef480cc0887810156f6f93a687cf03e') in 0.021545 seconds
Number of updated asset objects reloaded before import = 0
Number of asset objects unloaded after import = 2
========================================================================
Received Import Request.
  Time since last request: 0.000017 seconds.
  path: Assets/candy_110/candy5_yellow_01.png
  artifactKey: Guid(76925affccd7b644c8107ba592f580e3) Importer(815301076,1909f56bfc062723c751e8b465ee728b)
Start importing Assets/candy_110/candy5_yellow_01.png using Guid(76925affccd7b644c8107ba592f580e3) Importer(815301076,1909f56bfc062723c751e8b465ee728b)  -> (artifact id: '3963b0f9779bedebb05eedfbcfee804c') in 0.044679 seconds
Number of updated asset objects reloaded before import = 0
Number of asset objects unloaded after import = 2
========================================================================
Received Import Request.
  Time since last request: 0.000016 seconds.
  path: Assets/candy_110/candy1_orange_01.png
  artifactKey: Guid(08b7274c33e7c334fa9bdfdb8f6656d5) Importer(815301076,1909f56bfc062723c751e8b465ee728b)
Start importing Assets/candy_110/candy1_orange_01.png using Guid(08b7274c33e7c334fa9bdfdb8f6656d5) Importer(815301076,1909f56bfc062723c751e8b465ee728b)  -> (artifact id: 'c88b4f7b0e4dfcb40f24bf37697f384d') in 0.053549 seconds
Number of updated asset objects reloaded before import = 0
Number of asset objects unloaded after import = 2
========================================================================
Received Import Request.
  Time since last request: 0.000023 seconds.
  path: Assets/candy_110/candy1_yellow_02.png
  artifactKey: Guid(75bbe2c473a3ca9438f2d7f1091dfb98) Importer(815301076,1909f56bfc062723c751e8b465ee728b)
Start importing Assets/candy_110/candy1_yellow_02.png using Guid(75bbe2c473a3ca9438f2d7f1091dfb98) Importer(815301076,1909f56bfc062723c751e8b465ee728b)  -> (artifact id: 'acc8aeb2b1b57dea88e4996447694cbb') in 0.028408 seconds
Number of updated asset objects reloaded before import = 0
Number of asset objects unloaded after import = 2
========================================================================
Received Import Request.
  Time since last request: 0.000038 seconds.
  path: Assets/candy_110/candy2_yellow_02.png
  artifactKey: Guid(818654717b6407a44a20eb89af2529be) Importer(815301076,1909f56bfc062723c751e8b465ee728b)
Start importing Assets/candy_110/candy2_yellow_02.png using Guid(818654717b6407a44a20eb89af2529be) Importer(815301076,1909f56bfc062723c751e8b465ee728b)  -> (artifact id: '0bcfa464c69f192a61058aa15f7cd0c9') in 0.025826 seconds
Number of updated asset objects reloaded before import = 0
Number of asset objects unloaded after import = 2
========================================================================
Received Import Request.
  Time since last request: 0.000015 seconds.
  path: Assets/candy_110/candy5_orange_02.png
  artifactKey: Guid(192178883ec42eb4195b96a4b6f6b0f6) Importer(815301076,1909f56bfc062723c751e8b465ee728b)
Start importing Assets/candy_110/candy5_orange_02.png using Guid(192178883ec42eb4195b96a4b6f6b0f6) Importer(815301076,1909f56bfc062723c751e8b465ee728b)  -> (artifact id: '47a79fbcbb13f18f3298db2b42018f75') in 0.025112 seconds
Number of updated asset objects reloaded before import = 0
Number of asset objects unloaded after import = 2
========================================================================
Received Import Request.
  Time since last request: 0.000016 seconds.
  path: Assets/candy_110/candy2_yellow_03.png
  artifactKey: Guid(3b35e448306fba54c9b0aacd301c18e2) Importer(815301076,1909f56bfc062723c751e8b465ee728b)
Start importing Assets/candy_110/candy2_yellow_03.png using Guid(3b35e448306fba54c9b0aacd301c18e2) Importer(815301076,1909f56bfc062723c751e8b465ee728b)  -> (artifact id: 'df41d786307e65ede046eab63a683159') in 0.028838 seconds
Number of updated asset objects reloaded before import = 0
Number of asset objects unloaded after import = 2
========================================================================
Received Import Request.
  Time since last request: 0.000014 seconds.
  path: Assets/candy_110/candy1_green_01.png
  artifactKey: Guid(31178a648b1d4e74aab31f1b12e993c2) Importer(815301076,1909f56bfc062723c751e8b465ee728b)
Start importing Assets/candy_110/candy1_green_01.png using Guid(31178a648b1d4e74aab31f1b12e993c2) Importer(815301076,1909f56bfc062723c751e8b465ee728b)  -> (artifact id: 'd3ebdf7ac52644bc5e5afe0dd0846c23') in 0.025344 seconds
Number of updated asset objects reloaded before import = 0
Number of asset objects unloaded after import = 2
========================================================================
Received Import Request.
  Time since last request: 0.000017 seconds.
  path: Assets/candy_110/candy6_blue_02.png
  artifactKey: Guid(a7cb9159d423d8b4684295672df21817) Importer(815301076,1909f56bfc062723c751e8b465ee728b)
Start importing Assets/candy_110/candy6_blue_02.png using Guid(a7cb9159d423d8b4684295672df21817) Importer(815301076,1909f56bfc062723c751e8b465ee728b)  -> (artifact id: '3ee8128da3dbef885f5daf8814f95ac5') in 0.027053 seconds
Number of updated asset objects reloaded before import = 0
Number of asset objects unloaded after import = 2
========================================================================
Received Import Request.
  Time since last request: 0.000014 seconds.
  path: Assets/candy_110/candy5_blue_03.png
  artifactKey: Guid(ac91d39b493329948b022e8ab3b71b70) Importer(815301076,1909f56bfc062723c751e8b465ee728b)
Start importing Assets/candy_110/candy5_blue_03.png using Guid(ac91d39b493329948b022e8ab3b71b70) Importer(815301076,1909f56bfc062723c751e8b465ee728b)  -> (artifact id: '541f631999cdb34b0be7b914d4df422a') in 0.023615 seconds
Number of updated asset objects reloaded before import = 0
Number of asset objects unloaded after import = 2
========================================================================
Received Import Request.
  Time since last request: 0.000014 seconds.
  path: Assets/candy_110/candy5_orange_01.png
  artifactKey: Guid(95c0fc3fd779b864f92ff1ca394a29c0) Importer(815301076,1909f56bfc062723c751e8b465ee728b)
Start importing Assets/candy_110/candy5_orange_01.png using Guid(95c0fc3fd779b864f92ff1ca394a29c0) Importer(815301076,1909f56bfc062723c751e8b465ee728b)  -> (artifact id: 'bcb09fb8c3453ed80d1a5f533ef19975') in 0.027058 seconds
Number of updated asset objects reloaded before import = 0
Number of asset objects unloaded after import = 2
========================================================================
Received Import Request.
  Time since last request: 0.000019 seconds.
  path: Assets/candy_110/candy5_green_02.png
  artifactKey: Guid(8f720ace40857bd41bc4a0792a9d972f) Importer(815301076,1909f56bfc062723c751e8b465ee728b)
Start importing Assets/candy_110/candy5_green_02.png using Guid(8f720ace40857bd41bc4a0792a9d972f) Importer(815301076,1909f56bfc062723c751e8b465ee728b)  -> (artifact id: '8c56475a2b95499b833c1f24bfc35ce1') in 0.024179 seconds
Number of updated asset objects reloaded before import = 0
Number of asset objects unloaded after import = 2
========================================================================
Received Import Request.
  Time since last request: 0.000022 seconds.
  path: Assets/candy_110/candy4_green_03.png
  artifactKey: Guid(ae25f9637575d834cae9bc253bc9481a) Importer(815301076,1909f56bfc062723c751e8b465ee728b)
Start importing Assets/candy_110/candy4_green_03.png using Guid(ae25f9637575d834cae9bc253bc9481a) Importer(815301076,1909f56bfc062723c751e8b465ee728b)  -> (artifact id: 'b91533ea34713c814bc4f499d5e6d638') in 0.024414 seconds
Number of updated asset objects reloaded before import = 0
Number of asset objects unloaded after import = 2
========================================================================
Received Import Request.
  Time since last request: 0.000030 seconds.
  path: Assets/candy_110/candy5_red_02.png
  artifactKey: Guid(13c1fa45175e6ed428bda7d659deb467) Importer(815301076,1909f56bfc062723c751e8b465ee728b)
Start importing Assets/candy_110/candy5_red_02.png using Guid(13c1fa45175e6ed428bda7d659deb467) Importer(815301076,1909f56bfc062723c751e8b465ee728b)  -> (artifact id: '7c796f053c0eb959e752ee1ab8f12514') in 0.024683 seconds
Number of updated asset objects reloaded before import = 0
Number of asset objects unloaded after import = 2
========================================================================
Received Import Request.
  Time since last request: 0.000038 seconds.
  path: Assets/candy_110/candy4_blue_02.png
  artifactKey: Guid(ac6e6ada3ce8c574d825c9cf8e8efeca) Importer(815301076,1909f56bfc062723c751e8b465ee728b)
Start importing Assets/candy_110/candy4_blue_02.png using Guid(ac6e6ada3ce8c574d825c9cf8e8efeca) Importer(815301076,1909f56bfc062723c751e8b465ee728b)  -> (artifact id: 'e85fb3dd23020069409b2e4e0f871b42') in 0.021910 seconds
Number of updated asset objects reloaded before import = 0
Number of asset objects unloaded after import = 2
========================================================================
Received Import Request.
  Time since last request: 0.000020 seconds.
  path: Assets/candy_110/candy1_green_02.png
  artifactKey: Guid(6c3ce8fb9a2af7e4c9fecb6a58876a6d) Importer(815301076,1909f56bfc062723c751e8b465ee728b)
Start importing Assets/candy_110/candy1_green_02.png using Guid(6c3ce8fb9a2af7e4c9fecb6a58876a6d) Importer(815301076,1909f56bfc062723c751e8b465ee728b)  -> (artifact id: 'ae808533d3f4056406271821ed52b3f5') in 0.021126 seconds
Number of updated asset objects reloaded before import = 0
Number of asset objects unloaded after import = 2
========================================================================
Received Import Request.
  Time since last request: 0.000015 seconds.
  path: Assets/candy_110/candy1_orange_02.png
  artifactKey: Guid(fd5f5e411511e3a4d8cf936dbb033301) Importer(815301076,1909f56bfc062723c751e8b465ee728b)
Start importing Assets/candy_110/candy1_orange_02.png using Guid(fd5f5e411511e3a4d8cf936dbb033301) Importer(815301076,1909f56bfc062723c751e8b465ee728b)  -> (artifact id: 'a03c51772bc246ec1d707771f1106f28') in 0.019889 seconds
Number of updated asset objects reloaded before import = 0
Number of asset objects unloaded after import = 2
========================================================================
Received Import Request.
  Time since last request: 0.000016 seconds.
  path: Assets/candy_110/candy2_purple_01.png
  artifactKey: Guid(5216a1650ee3ae0489adedfd75823bc2) Importer(815301076,1909f56bfc062723c751e8b465ee728b)
Start importing Assets/candy_110/candy2_purple_01.png using Guid(5216a1650ee3ae0489adedfd75823bc2) Importer(815301076,1909f56bfc062723c751e8b465ee728b)  -> (artifact id: '1340bf0bf80469ca6f5223cb6d12541f') in 0.026001 seconds
Number of updated asset objects reloaded before import = 0
Number of asset objects unloaded after import = 2
========================================================================
Received Import Request.
  Time since last request: 0.000015 seconds.
  path: Assets/candy_110/candy1_yellow_01.png
  artifactKey: Guid(8d9d26032c946d949a741e51ed74d475) Importer(815301076,1909f56bfc062723c751e8b465ee728b)
Start importing Assets/candy_110/candy1_yellow_01.png using Guid(8d9d26032c946d949a741e51ed74d475) Importer(815301076,1909f56bfc062723c751e8b465ee728b)  -> (artifact id: '251c73aa6253003a7481df6e9d2ccee1') in 0.020195 seconds
Number of updated asset objects reloaded before import = 0
Number of asset objects unloaded after import = 2
========================================================================
Received Import Request.
  Time since last request: 0.000015 seconds.
  path: Assets/candy_110/candy5_red_03.png
  artifactKey: Guid(0032c7f8566aa454aa2faaec0828acfc) Importer(815301076,1909f56bfc062723c751e8b465ee728b)
Start importing Assets/candy_110/candy5_red_03.png using Guid(0032c7f8566aa454aa2faaec0828acfc) Importer(815301076,1909f56bfc062723c751e8b465ee728b)  -> (artifact id: '6db984427c8b2b48b4e701aee73a717b') in 0.019498 seconds
Number of updated asset objects reloaded before import = 0
Number of asset objects unloaded after import = 2
========================================================================
Received Import Request.
  Time since last request: 0.000015 seconds.
  path: Assets/candy_110/candy6_green_03.png
  artifactKey: Guid(b2c7ca791e7935e48af7fef7b3f2dff2) Importer(815301076,1909f56bfc062723c751e8b465ee728b)
Start importing Assets/candy_110/candy6_green_03.png using Guid(b2c7ca791e7935e48af7fef7b3f2dff2) Importer(815301076,1909f56bfc062723c751e8b465ee728b)  -> (artifact id: '5d1f5157977dc410bb82dcb015d768f0') in 0.019598 seconds
Number of updated asset objects reloaded before import = 0
Number of asset objects unloaded after import = 2
========================================================================
Received Import Request.
  Time since last request: 0.000014 seconds.
  path: Assets/candy_110/candy2_green_01.png
  artifactKey: Guid(917d3e8eb37f57f4f998d2216e4277e5) Importer(815301076,1909f56bfc062723c751e8b465ee728b)
Start importing Assets/candy_110/candy2_green_01.png using Guid(917d3e8eb37f57f4f998d2216e4277e5) Importer(815301076,1909f56bfc062723c751e8b465ee728b)  -> (artifact id: '8071e09d7e1644a9f0eca4e4a7b7114f') in 0.020437 seconds
Number of updated asset objects reloaded before import = 0
Number of asset objects unloaded after import = 2
========================================================================
Received Import Request.
  Time since last request: 0.000017 seconds.
  path: Assets/candy_110/candy1_green_03.png
  artifactKey: Guid(21e9450abf8b7414785992248c224ad5) Importer(815301076,1909f56bfc062723c751e8b465ee728b)
Start importing Assets/candy_110/candy1_green_03.png using Guid(21e9450abf8b7414785992248c224ad5) Importer(815301076,1909f56bfc062723c751e8b465ee728b)  -> (artifact id: 'c59d27b7bd0fb0794f04141d79515b8d') in 0.019677 seconds
Number of updated asset objects reloaded before import = 0
Number of asset objects unloaded after import = 2
========================================================================
Received Import Request.
  Time since last request: 0.000018 seconds.
  path: Assets/candy_110/candy2_red_01.png
  artifactKey: Guid(a3c8d7dd03e97644ba9df096b3a1a108) Importer(815301076,1909f56bfc062723c751e8b465ee728b)
Start importing Assets/candy_110/candy2_red_01.png using Guid(a3c8d7dd03e97644ba9df096b3a1a108) Importer(815301076,1909f56bfc062723c751e8b465ee728b)  -> (artifact id: 'f0a67dbf5c84ddda4d176a7dd0032493') in 0.021561 seconds
Number of updated asset objects reloaded before import = 0
Number of asset objects unloaded after import = 2
========================================================================
Received Import Request.
  Time since last request: 0.000023 seconds.
  path: Assets/candy_110/candy5_green_03.png
  artifactKey: Guid(aa0a5e80151bc9a4f9d88d324135b431) Importer(815301076,1909f56bfc062723c751e8b465ee728b)
Start importing Assets/candy_110/candy5_green_03.png using Guid(aa0a5e80151bc9a4f9d88d324135b431) Importer(815301076,1909f56bfc062723c751e8b465ee728b)  -> (artifact id: '08e6e06c06e0fd4769417b1c4bbe4e7f') in 0.019009 seconds
Number of updated asset objects reloaded before import = 0
Number of asset objects unloaded after import = 2
========================================================================
Received Import Request.
  Time since last request: 0.000081 seconds.
  path: Assets/candy_110/candy5_blue_01.png
  artifactKey: Guid(2c031f9868c6d284d85aeb54f913d206) Importer(815301076,1909f56bfc062723c751e8b465ee728b)
Start importing Assets/candy_110/candy5_blue_01.png using Guid(2c031f9868c6d284d85aeb54f913d206) Importer(815301076,1909f56bfc062723c751e8b465ee728b)  -> (artifact id: '3f776ce346ccbba39e614855d3eb1c90') in 0.020068 seconds
Number of updated asset objects reloaded before import = 0
Number of asset objects unloaded after import = 2
========================================================================
Received Import Request.
  Time since last request: 0.000018 seconds.
  path: Assets/candy_110/candy6_blue_03.png
  artifactKey: Guid(9b60c6e74cf34614a945525c7c3e07fa) Importer(815301076,1909f56bfc062723c751e8b465ee728b)
Start importing Assets/candy_110/candy6_blue_03.png using Guid(9b60c6e74cf34614a945525c7c3e07fa) Importer(815301076,1909f56bfc062723c751e8b465ee728b)  -> (artifact id: '49f20cb812637b555c26cd92c8a11883') in 0.020612 seconds
Number of updated asset objects reloaded before import = 0
Number of asset objects unloaded after import = 2
========================================================================
Received Import Request.
  Time since last request: 0.000015 seconds.
  path: Assets/candy_110/candy1_red_03.png
  artifactKey: Guid(7a90a2d4c6a3d424cbf8b5999091a311) Importer(815301076,1909f56bfc062723c751e8b465ee728b)
Start importing Assets/candy_110/candy1_red_03.png using Guid(7a90a2d4c6a3d424cbf8b5999091a311) Importer(815301076,1909f56bfc062723c751e8b465ee728b)  -> (artifact id: '94974c742efe74570dbcea909f5f8863') in 0.020833 seconds
Number of updated asset objects reloaded before import = 0
Number of asset objects unloaded after import = 2
========================================================================
Received Import Request.
  Time since last request: 0.000016 seconds.
  path: Assets/candy_110/candy5_red_01.png
  artifactKey: Guid(a9397baba36037342b84055fdc11cad6) Importer(815301076,1909f56bfc062723c751e8b465ee728b)
Start importing Assets/candy_110/candy5_red_01.png using Guid(a9397baba36037342b84055fdc11cad6) Importer(815301076,1909f56bfc062723c751e8b465ee728b)  -> (artifact id: '2c328691193f04a134744999561b5cac') in 0.023063 seconds
Number of updated asset objects reloaded before import = 0
Number of asset objects unloaded after import = 2
========================================================================
Received Import Request.
  Time since last request: 0.000016 seconds.
  path: Assets/candy_110/candy1_purple_02.png
  artifactKey: Guid(71c86ca40a148dc409998b8e03403514) Importer(815301076,1909f56bfc062723c751e8b465ee728b)
Start importing Assets/candy_110/candy1_purple_02.png using Guid(71c86ca40a148dc409998b8e03403514) Importer(815301076,1909f56bfc062723c751e8b465ee728b)  -> (artifact id: '1cc9e11974d1f9be576bee178013c230') in 0.020049 seconds
Number of updated asset objects reloaded before import = 0
Number of asset objects unloaded after import = 2
========================================================================
Received Import Request.
  Time since last request: 0.000016 seconds.
  path: Assets/candy_110/candy2_orange_03.png
  artifactKey: Guid(5393a4c64127b4c4598a888a5b73636a) Importer(815301076,1909f56bfc062723c751e8b465ee728b)
Start importing Assets/candy_110/candy2_orange_03.png using Guid(5393a4c64127b4c4598a888a5b73636a) Importer(815301076,1909f56bfc062723c751e8b465ee728b)  -> (artifact id: '433c498680bc8205d68190fbf60249ac') in 0.019953 seconds
Number of updated asset objects reloaded before import = 0
Number of asset objects unloaded after import = 2
========================================================================
Received Import Request.
  Time since last request: 0.000015 seconds.
  path: Assets/candy_110/candy2_green_03.png
  artifactKey: Guid(bfc797c770499d0449150825d9662538) Importer(815301076,1909f56bfc062723c751e8b465ee728b)
Start importing Assets/candy_110/candy2_green_03.png using Guid(bfc797c770499d0449150825d9662538) Importer(815301076,1909f56bfc062723c751e8b465ee728b)  -> (artifact id: 'a3079ea3c259123a23b8d923378696d0') in 0.020925 seconds
Number of updated asset objects reloaded before import = 0
Number of asset objects unloaded after import = 2
========================================================================
Received Import Request.
  Time since last request: 0.000017 seconds.
  path: Assets/candy_110/candy4_red_01.png
  artifactKey: Guid(672b4c073d24a734f877c8a7f9271682) Importer(815301076,1909f56bfc062723c751e8b465ee728b)
Start importing Assets/candy_110/candy4_red_01.png using Guid(672b4c073d24a734f877c8a7f9271682) Importer(815301076,1909f56bfc062723c751e8b465ee728b)  -> (artifact id: 'f7d74d39118bde3a70107078ffb4af25') in 0.020741 seconds
Number of updated asset objects reloaded before import = 0
Number of asset objects unloaded after import = 2
========================================================================
Received Import Request.
  Time since last request: 15.922025 seconds.
  path: Assets/candy_110/box.png
  artifactKey: Guid(cd198831b51c4a5449e3c9b363e45a8f) Importer(815301076,1909f56bfc062723c751e8b465ee728b)
Start importing Assets/candy_110/box.png using Guid(cd198831b51c4a5449e3c9b363e45a8f) Importer(815301076,1909f56bfc062723c751e8b465ee728b)  -> (artifact id: 'b8edc36c997a0c3617bb2ba03b28057d') in 0.021354 seconds
Number of updated asset objects reloaded before import = 0
Number of asset objects unloaded after import = 3
========================================================================
Received Import Request.
  Time since last request: 14.019862 seconds.
  path: Assets/candy_110/candy1_green_01.png
  artifactKey: Guid(31178a648b1d4e74aab31f1b12e993c2) Importer(815301076,1909f56bfc062723c751e8b465ee728b)
Start importing Assets/candy_110/candy1_green_01.png using Guid(31178a648b1d4e74aab31f1b12e993c2) Importer(815301076,1909f56bfc062723c751e8b465ee728b)  -> (artifact id: 'e686bb8a4da28264d80d988c9f84b34f') in 0.023609 seconds
Number of updated asset objects reloaded before import = 0
Number of asset objects unloaded after import = 3
