Using pre-set license
Built from '2022.3/release' branch; Version is '2022.3.18f1 (d29bea25151d) revision 13802474'; Using compiler version '192829333'; Build Type 'Release'
OS: 'Windows 10  (10.0.19045) 64bit Professional' Language: 'tr' Physical Memory: 16291 MB
BatchMode: 1, IsHumanControllingUs: 0, StartBugReporterOnCrash: 0, Is64bit: 1, IsPro: 1

COMMAND LINE ARGUMENTS:
C:\Program Files\Unity\Hub\Editor\2022.3.18f1\Editor\Unity.exe
-adb2
-batchMode
-noUpm
-name
AssetImportWorker3
-projectPath
C:/Users/Baris/Candy Coaster
-logFile
Logs/AssetImportWorker3.log
-srvPort
53859
Successfully changed project path to: C:/Users/Baris/Candy Coaster
C:/Users/Baris/Candy Coaster
[UnityMemory] Configuration Parameters - Can be set up in boot.config
    "memorysetup-bucket-allocator-granularity=16"
    "memorysetup-bucket-allocator-bucket-count=8"
    "memorysetup-bucket-allocator-block-size=33554432"
    "memorysetup-bucket-allocator-block-count=8"
    "memorysetup-main-allocator-block-size=16777216"
    "memorysetup-thread-allocator-block-size=16777216"
    "memorysetup-gfx-main-allocator-block-size=16777216"
    "memorysetup-gfx-thread-allocator-block-size=16777216"
    "memorysetup-cache-allocator-block-size=4194304"
    "memorysetup-typetree-allocator-block-size=2097152"
    "memorysetup-profiler-bucket-allocator-granularity=16"
    "memorysetup-profiler-bucket-allocator-bucket-count=8"
    "memorysetup-profiler-bucket-allocator-block-size=33554432"
    "memorysetup-profiler-bucket-allocator-block-count=8"
    "memorysetup-profiler-allocator-block-size=16777216"
    "memorysetup-profiler-editor-allocator-block-size=1048576"
    "memorysetup-temp-allocator-size-main=16777216"
    "memorysetup-job-temp-allocator-block-size=2097152"
    "memorysetup-job-temp-allocator-block-size-background=1048576"
    "memorysetup-job-temp-allocator-reduction-small-platforms=262144"
    "memorysetup-allocator-temp-initial-block-size-main=262144"
    "memorysetup-allocator-temp-initial-block-size-worker=262144"
    "memorysetup-temp-allocator-size-background-worker=32768"
    "memorysetup-temp-allocator-size-job-worker=262144"
    "memorysetup-temp-allocator-size-preload-manager=33554432"
    "memorysetup-temp-allocator-size-nav-mesh-worker=65536"
    "memorysetup-temp-allocator-size-audio-worker=65536"
    "memorysetup-temp-allocator-size-cloud-worker=32768"
    "memorysetup-temp-allocator-size-gi-baking-worker=262144"
    "memorysetup-temp-allocator-size-gfx=262144"
Unable to join player connection multicast group (err: 10013).
Player connection [30408] Host "[IP] 172.24.176.1 [Port] 0 [Flags] 2 [Guid] 3722152013 [EditorId] 3722152013 [Version] 1048832 [Id] WindowsEditor(7,DESKTOP-R7HC1JR) [Debug] 1 [PackageName] WindowsEditor [ProjectName] Editor" joined alternative multi-casting on [225.0.0.222:34997]...

[Physics::Module] Initialized MultithreadedJobDispatcher with 11 workers.
Refreshing native plugins compatible for Editor in 14.23 ms, found 4 plugins.
Preloading 0 native plugins for Editor in 0.00 ms.
Initialize engine version: 2022.3.18f1 (d29bea25151d)
[Subsystems] Discovering subsystems at path C:/Program Files/Unity/Hub/Editor/2022.3.18f1/Editor/Data/Resources/UnitySubsystems
[Subsystems] Discovering subsystems at path C:/Users/Baris/Candy Coaster/Assets
GfxDevice: creating device client; threaded=0; jobified=0
Direct3D:
    Version:  Direct3D 11.0 [level 11.1]
    Renderer: NVIDIA GeForce RTX 2060 (ID=0x1f15)
    Vendor:   NVIDIA
    VRAM:     5955 MB
    Driver:   31.0.15.5123
Initialize mono
Mono path[0] = 'C:/Program Files/Unity/Hub/Editor/2022.3.18f1/Editor/Data/Managed'
Mono path[1] = 'C:/Program Files/Unity/Hub/Editor/2022.3.18f1/Editor/Data/MonoBleedingEdge/lib/mono/unityjit-win32'
Mono config path = 'C:/Program Files/Unity/Hub/Editor/2022.3.18f1/Editor/Data/MonoBleedingEdge/etc'
Using monoOptions --debugger-agent=transport=dt_socket,embedding=1,server=y,suspend=n,address=127.0.0.1:56188
Begin MonoManager ReloadAssembly
Registering precompiled unity dll's ...
Register platform support module: C:/Program Files/Unity/Hub/Editor/2022.3.18f1/Editor/Data/PlaybackEngines/WebGLSupport/UnityEditor.WebGL.Extensions.dll
Register platform support module: C:/Program Files/Unity/Hub/Editor/2022.3.18f1/Editor/Data/PlaybackEngines/AndroidPlayer/UnityEditor.Android.Extensions.dll
Register platform support module: C:/Program Files/Unity/Hub/Editor/2022.3.18f1/Editor/Data/PlaybackEngines/iOSSupport/UnityEditor.iOS.Extensions.dll
Register platform support module: C:/Program Files/Unity/Hub/Editor/2022.3.18f1/Editor/Data/PlaybackEngines/WindowsStandaloneSupport/UnityEditor.WindowsStandalone.Extensions.dll
Register platform support module: C:/Program Files/Unity/Hub/Editor/2022.3.18f1/Editor/Data/PlaybackEngines/MetroSupport/UnityEditor.UWP.Extensions.dll
Registered in 0.013951 seconds.
- Loaded All Assemblies, in  0.355 seconds
Native extension for UWP target not found
Native extension for WindowsStandalone target not found
[usbmuxd] Start listen thread
[usbmuxd] Listen thread started
Native extension for iOS target not found
Native extension for Android target not found
Android Extension - Scanning For ADB Devices 250 ms
Native extension for WebGL target not found
Mono: successfully reloaded assembly
- Finished resetting the current domain, in  0.580 seconds
Domain Reload Profiling: 933ms
	BeginReloadAssembly (95ms)
		ExecutionOrderSort (0ms)
		DisableScriptedObjects (0ms)
		BackupInstance (0ms)
		ReleaseScriptingObjects (0ms)
		CreateAndSetChildDomain (1ms)
	RebuildCommonClasses (31ms)
	RebuildNativeTypeToScriptingClass (11ms)
	initialDomainReloadingComplete (63ms)
	LoadAllAssembliesAndSetupDomain (152ms)
		LoadAssemblies (95ms)
		RebuildTransferFunctionScriptingTraits (0ms)
		AnalyzeDomain (149ms)
			TypeCache.Refresh (148ms)
				TypeCache.ScanAssembly (134ms)
			ScanForSourceGeneratedMonoScriptInfo (0ms)
			ResolveRequiredComponents (0ms)
	FinalizeReload (581ms)
		ReleaseScriptCaches (0ms)
		RebuildScriptCaches (0ms)
		SetupLoadedEditorAssemblies (526ms)
			LogAssemblyErrors (0ms)
			InitializePlatformSupportModulesInManaged (369ms)
			SetLoadedEditorAssemblies (4ms)
			RefreshPlugins (0ms)
			BeforeProcessingInitializeOnLoad (2ms)
			ProcessInitializeOnLoadAttributes (106ms)
			ProcessInitializeOnLoadMethodAttributes (46ms)
			AfterProcessingInitializeOnLoad (0ms)
			EditorAssembliesLoaded (0ms)
		ExecutionOrderSort2 (0ms)
		AwakeInstancesAfterBackupRestoration (0ms)
========================================================================
Worker process is ready to serve import requests
Begin MonoManager ReloadAssembly
- Loaded All Assemblies, in  0.651 seconds
Refreshing native plugins compatible for Editor in 6.57 ms, found 4 plugins.
Native extension for UWP target not found
Native extension for WindowsStandalone target not found
Native extension for iOS target not found
Native extension for Android target not found
Native extension for WebGL target not found
Package Manager log level set to [2]
[Package Manager] Server::EnsureServerProcessIsRunning -- launch failed, reason: Unity was launched with the -noUpm command-line argument
[Package Manager] UpmClient::Send -- Unable to send message (not connected to UPM process).
[Package Manager] Cannot connect to Unity Package Manager local server
Mono: successfully reloaded assembly
[Package Manager] Server::EnsureServerProcessIsRunning -- launch failed, reason: Unity was launched with the -noUpm command-line argument
[Package Manager] UpmClient::Send -- Unable to send message (not connected to UPM process).
[Package Manager] Cannot connect to Unity Package Manager local server
[Package Manager] Server::EnsureServerProcessIsRunning -- launch failed, reason: Unity was launched with the -noUpm command-line argument
[Package Manager] UpmClient::Send -- Unable to send message (not connected to UPM process).
[Package Manager] Cannot connect to Unity Package Manager local server
- Finished resetting the current domain, in  0.773 seconds
Domain Reload Profiling: 1420ms
	BeginReloadAssembly (136ms)
		ExecutionOrderSort (0ms)
		DisableScriptedObjects (5ms)
		BackupInstance (0ms)
		ReleaseScriptingObjects (0ms)
		CreateAndSetChildDomain (21ms)
	RebuildCommonClasses (31ms)
	RebuildNativeTypeToScriptingClass (11ms)
	initialDomainReloadingComplete (41ms)
	LoadAllAssembliesAndSetupDomain (427ms)
		LoadAssemblies (327ms)
		RebuildTransferFunctionScriptingTraits (0ms)
		AnalyzeDomain (179ms)
			TypeCache.Refresh (150ms)
				TypeCache.ScanAssembly (133ms)
			ScanForSourceGeneratedMonoScriptInfo (22ms)
			ResolveRequiredComponents (5ms)
	FinalizeReload (773ms)
		ReleaseScriptCaches (0ms)
		RebuildScriptCaches (0ms)
		SetupLoadedEditorAssemblies (610ms)
			LogAssemblyErrors (0ms)
			InitializePlatformSupportModulesInManaged (38ms)
			SetLoadedEditorAssemblies (3ms)
			RefreshPlugins (0ms)
			BeforeProcessingInitializeOnLoad (73ms)
			ProcessInitializeOnLoadAttributes (453ms)
			ProcessInitializeOnLoadMethodAttributes (36ms)
			AfterProcessingInitializeOnLoad (7ms)
			EditorAssembliesLoaded (0ms)
		ExecutionOrderSort2 (0ms)
		AwakeInstancesAfterBackupRestoration (9ms)
Launched and connected shader compiler UnityShaderCompiler.exe after 0.04 seconds
Refreshing native plugins compatible for Editor in 7.19 ms, found 4 plugins.
Preloading 0 native plugins for Editor in 0.00 ms.
Unloading 4302 Unused Serialized files (Serialized files now loaded: 0)
Unloading 78 unused Assets / (67.2 KB). Loaded Objects now: 4758.
Memory consumption went from 156.4 MB to 156.4 MB.
Total: 4.232300 ms (FindLiveObjects: 0.344300 ms CreateObjectMapping: 0.291200 ms MarkObjects: 3.461700 ms  DeleteObjects: 0.134200 ms)

AssetImportParameters requested are different than current active one (requested -> active):
  custom:container-demuxer-ogg: 62fdf1f143b41e24485cea50d1cbac27 -> 
  custom:video-decoder-ogg-theora: a1e56fd34408186e4bbccfd4996cb3dc -> 
  custom:framework-win-MediaFoundation: 216162199b28c13a410421893ffa2e32 -> 
  custom:CustomObjectIndexerAttribute: 6d391050e5a25f67b0a2c618074f2cd9 -> 
  custom:container-demuxer-webm: 4f35f7cbe854078d1ac9338744f61a02 -> 
  custom:container-muxer-webm: aa71ff27fc2769a1b78a27578f13a17b -> 
  custom:video-decoder-webm-vp8: 9c59270c3fd7afecdb556c50c9e8de78 -> 
  custom:SearchIndexIgnoredProperties: e643bd26f0fe6173181afceb89e7c659 -> 
  custom:AudioImporter_EditorPlatform: d09bf68614088b80899f8185d706f6e7 -> 
  custom:video-encoder-webm-vp8: eb34c28f22e8b96e1ab97ce403110664 -> 
  custom:audio-decoder-ogg-vorbis: bf7c407c2cedff20999df2af8eb42d56 -> 
  custom:audio-encoder-webm-vorbis: bf7c407c2cedff20999df2af8eb42d56 -> 
========================================================================
Received Import Request.
  Time since last request: 174514.562653 seconds.
  path: Assets/Sprites/candy_110/candy6_orange_04.png
  artifactKey: Guid(704fcbc8b22a7134fbb2547907cf7217) Importer(815301076,1909f56bfc062723c751e8b465ee728b)
Start importing Assets/Sprites/candy_110/candy6_orange_04.png using Guid(704fcbc8b22a7134fbb2547907cf7217) Importer(815301076,1909f56bfc062723c751e8b465ee728b)  -> (artifact id: '42e5a7e324de9ee2ceb8ec7537d7bae9') in 0.075230 seconds
Number of updated asset objects reloaded before import = 0
Number of asset objects unloaded after import = 2
========================================================================
Received Import Request.
  Time since last request: 0.000022 seconds.
  path: Assets/Sprites/candy_110/candy6_red_01.png
  artifactKey: Guid(6aa66ce8d8b2d56419fe0b0ee7b0372b) Importer(815301076,1909f56bfc062723c751e8b465ee728b)
Start importing Assets/Sprites/candy_110/candy6_red_01.png using Guid(6aa66ce8d8b2d56419fe0b0ee7b0372b) Importer(815301076,1909f56bfc062723c751e8b465ee728b)  -> (artifact id: '641aa3fa465abe315c324c0c81bc8b2e') in 0.028984 seconds
Number of updated asset objects reloaded before import = 0
Number of asset objects unloaded after import = 2
========================================================================
Received Import Request.
  Time since last request: 0.000023 seconds.
  path: Assets/Sprites/candy_110/candy7_green_03.png
  artifactKey: Guid(487a502406e24ff4293f640a9c4e89c4) Importer(815301076,1909f56bfc062723c751e8b465ee728b)
Start importing Assets/Sprites/candy_110/candy7_green_03.png using Guid(487a502406e24ff4293f640a9c4e89c4) Importer(815301076,1909f56bfc062723c751e8b465ee728b)  -> (artifact id: 'cdb04f296c711f12a307072b67d5633d') in 0.020781 seconds
Number of updated asset objects reloaded before import = 0
Number of asset objects unloaded after import = 2
========================================================================
Received Import Request.
  Time since last request: 0.000019 seconds.
  path: Assets/Sprites/candy_110/candy7_orange_03.png
  artifactKey: Guid(67995fe10dad89b4ab98af7c56a8bed9) Importer(815301076,1909f56bfc062723c751e8b465ee728b)
Start importing Assets/Sprites/candy_110/candy7_orange_03.png using Guid(67995fe10dad89b4ab98af7c56a8bed9) Importer(815301076,1909f56bfc062723c751e8b465ee728b)  -> (artifact id: 'e0d802f1d32c30591334b58c5214e639') in 0.021038 seconds
Number of updated asset objects reloaded before import = 0
Number of asset objects unloaded after import = 2
========================================================================
Received Import Request.
  Time since last request: 0.000016 seconds.
  path: Assets/Sprites/candy_110/candy7_purple_02.png
  artifactKey: Guid(476fe6083c7b557489232b7eca655278) Importer(815301076,1909f56bfc062723c751e8b465ee728b)
Start importing Assets/Sprites/candy_110/candy7_purple_02.png using Guid(476fe6083c7b557489232b7eca655278) Importer(815301076,1909f56bfc062723c751e8b465ee728b)  -> (artifact id: '925b9fc35f6881983f35c1f70323b32c') in 0.020372 seconds
Number of updated asset objects reloaded before import = 0
Number of asset objects unloaded after import = 2
========================================================================
Received Import Request.
  Time since last request: 0.000020 seconds.
  path: Assets/Sprites/candy_110/candy7_red_02.png
  artifactKey: Guid(0ec102146d9de5845b0dab151c1659fb) Importer(815301076,1909f56bfc062723c751e8b465ee728b)
Start importing Assets/Sprites/candy_110/candy7_red_02.png using Guid(0ec102146d9de5845b0dab151c1659fb) Importer(815301076,1909f56bfc062723c751e8b465ee728b)  -> (artifact id: '78f853794bbac62812164d544f5367c6') in 0.019193 seconds
Number of updated asset objects reloaded before import = 0
Number of asset objects unloaded after import = 2
========================================================================
Received Import Request.
  Time since last request: 0.000021 seconds.
  path: Assets/Sprites/candy_110/candy7_yellow_02.png
  artifactKey: Guid(10bcb1b6443ab8641bf99acc5a3aab2a) Importer(815301076,1909f56bfc062723c751e8b465ee728b)
Start importing Assets/Sprites/candy_110/candy7_yellow_02.png using Guid(10bcb1b6443ab8641bf99acc5a3aab2a) Importer(815301076,1909f56bfc062723c751e8b465ee728b)  -> (artifact id: 'd549005a147faba3cfb1bbf0038c8944') in 0.019890 seconds
Number of updated asset objects reloaded before import = 0
Number of asset objects unloaded after import = 2
========================================================================
Received Import Request.
  Time since last request: 0.000019 seconds.
  path: Assets/Sprites/candy_110/candy8_blue_bomb.png
  artifactKey: Guid(7f95c10ed4975b748b8db1824cf8efeb) Importer(815301076,1909f56bfc062723c751e8b465ee728b)
Start importing Assets/Sprites/candy_110/candy8_blue_bomb.png using Guid(7f95c10ed4975b748b8db1824cf8efeb) Importer(815301076,1909f56bfc062723c751e8b465ee728b)  -> (artifact id: '147507e27766a1aa4270833a334dc1b0') in 0.020038 seconds
Number of updated asset objects reloaded before import = 0
Number of asset objects unloaded after import = 2
========================================================================
Received Import Request.
  Time since last request: 0.000015 seconds.
  path: Assets/Sprites/candy_110/candy6_purple_02.png
  artifactKey: Guid(f9dfe80f65de7704fac8f4b80771a419) Importer(815301076,1909f56bfc062723c751e8b465ee728b)
Start importing Assets/Sprites/candy_110/candy6_purple_02.png using Guid(f9dfe80f65de7704fac8f4b80771a419) Importer(815301076,1909f56bfc062723c751e8b465ee728b)  -> (artifact id: 'efa27609fc1336e323f79dce00e071cb') in 0.031738 seconds
Number of updated asset objects reloaded before import = 0
Number of asset objects unloaded after import = 2
========================================================================
Received Import Request.
  Time since last request: 0.102083 seconds.
  path: Assets/Sprites/candy_110/candy8_red_bomb.png
  artifactKey: Guid(007b75d5d03fa5247937a5938cd9f036) Importer(815301076,1909f56bfc062723c751e8b465ee728b)
Start importing Assets/Sprites/candy_110/candy8_red_bomb.png using Guid(007b75d5d03fa5247937a5938cd9f036) Importer(815301076,1909f56bfc062723c751e8b465ee728b)  -> (artifact id: '0aa55a159c87ef0c70c5bb6659f301a0') in 0.021351 seconds
Number of updated asset objects reloaded before import = 0
Number of asset objects unloaded after import = 2
========================================================================
Received Import Request.
  Time since last request: 0.002188 seconds.
  path: Assets/Sprites/candy_110/cherry.png
  artifactKey: Guid(6fa6f6984a02c564b88527f5345ac0fb) Importer(815301076,1909f56bfc062723c751e8b465ee728b)
Start importing Assets/Sprites/candy_110/cherry.png using Guid(6fa6f6984a02c564b88527f5345ac0fb) Importer(815301076,1909f56bfc062723c751e8b465ee728b)  -> (artifact id: '14cb261057b239005669b37f65a6e25b') in 0.019420 seconds
Number of updated asset objects reloaded before import = 0
Number of asset objects unloaded after import = 2
========================================================================
Received Import Request.
  Time since last request: 0.002135 seconds.
  path: Assets/Sprites/candy_110/sweet_star.png
  artifactKey: Guid(eea9578f49fd00443b1715df379e4dd1) Importer(815301076,1909f56bfc062723c751e8b465ee728b)
Start importing Assets/Sprites/candy_110/sweet_star.png using Guid(eea9578f49fd00443b1715df379e4dd1) Importer(815301076,1909f56bfc062723c751e8b465ee728b)  -> (artifact id: '0d9cd1a7106cca4eb5a62a42c45fa63f') in 0.019972 seconds
Number of updated asset objects reloaded before import = 0
Number of asset objects unloaded after import = 2
========================================================================
Received Import Request.
  Time since last request: 0.001373 seconds.
  path: Assets/Sprites/candy_110/wood_03.png
  artifactKey: Guid(729eb9b5b84885841ad5d531665357a0) Importer(815301076,1909f56bfc062723c751e8b465ee728b)
Start importing Assets/Sprites/candy_110/wood_03.png using Guid(729eb9b5b84885841ad5d531665357a0) Importer(815301076,1909f56bfc062723c751e8b465ee728b)  -> (artifact id: '02a1e4fb7fd04798f0fe8af5d612435d') in 0.020559 seconds
Number of updated asset objects reloaded before import = 0
Number of asset objects unloaded after import = 2
========================================================================
Received Import Request.
  Time since last request: 113.917006 seconds.
  path: Assets/Sprites/candy_110/candy1_green_01.png
  artifactKey: Guid(f721db7f12cf46d44a7908a8d8cb7bb6) Importer(815301076,1909f56bfc062723c751e8b465ee728b)
Start importing Assets/Sprites/candy_110/candy1_green_01.png using Guid(f721db7f12cf46d44a7908a8d8cb7bb6) Importer(815301076,1909f56bfc062723c751e8b465ee728b)  -> (artifact id: '258210ebeabbbcd2a3801c49d19c656c') in 0.056723 seconds
Number of updated asset objects reloaded before import = 0
Number of asset objects unloaded after import = 3
========================================================================
Received Import Request.
  Time since last request: 0.000028 seconds.
  path: Assets/Sprites/candy_110/candy1_red_02.png
  artifactKey: Guid(18ea2e43a439e754797f66b064c02f41) Importer(815301076,1909f56bfc062723c751e8b465ee728b)
Start importing Assets/Sprites/candy_110/candy1_red_02.png using Guid(18ea2e43a439e754797f66b064c02f41) Importer(815301076,1909f56bfc062723c751e8b465ee728b)  -> (artifact id: 'b4dd13e1ee6bc55360311434c9a3719b') in 0.030071 seconds
Number of updated asset objects reloaded before import = 0
Number of asset objects unloaded after import = 3
========================================================================
Received Import Request.
  Time since last request: 0.000021 seconds.
  path: Assets/Sprites/candy_110/candy5_yellow_01.png
  artifactKey: Guid(250840e7728c755459d0faa4bb822465) Importer(815301076,1909f56bfc062723c751e8b465ee728b)
Start importing Assets/Sprites/candy_110/candy5_yellow_01.png using Guid(250840e7728c755459d0faa4bb822465) Importer(815301076,1909f56bfc062723c751e8b465ee728b)  -> (artifact id: '3d65fcdf8be4057942515e8d3363e7d5') in 0.022592 seconds
Number of updated asset objects reloaded before import = 0
Number of asset objects unloaded after import = 3
========================================================================
Received Import Request.
  Time since last request: 0.000023 seconds.
  path: Assets/Sprites/candy_110/candy1_purple_01.png
  artifactKey: Guid(a95715618e710394daebe936b7e1a71d) Importer(815301076,1909f56bfc062723c751e8b465ee728b)
Start importing Assets/Sprites/candy_110/candy1_purple_01.png using Guid(a95715618e710394daebe936b7e1a71d) Importer(815301076,1909f56bfc062723c751e8b465ee728b)  -> (artifact id: '9797e098c8e17d9b111e1effd0ad353c') in 0.023830 seconds
Number of updated asset objects reloaded before import = 0
Number of asset objects unloaded after import = 3
========================================================================
Received Import Request.
  Time since last request: 0.000018 seconds.
  path: Assets/Sprites/candy_110/candy6_green_02.png
  artifactKey: Guid(6884cb9fcc27c3c468fddd9637d40e96) Importer(815301076,1909f56bfc062723c751e8b465ee728b)
Start importing Assets/Sprites/candy_110/candy6_green_02.png using Guid(6884cb9fcc27c3c468fddd9637d40e96) Importer(815301076,1909f56bfc062723c751e8b465ee728b)  -> (artifact id: 'eb65884e4f47d75adae51cdbc63f2ef6') in 0.022993 seconds
Number of updated asset objects reloaded before import = 0
Number of asset objects unloaded after import = 3
========================================================================
Received Import Request.
  Time since last request: 0.000021 seconds.
  path: Assets/Sprites/candy_110/candy4_blue_02.png
  artifactKey: Guid(be5babbc6aa895945951f7363d833e9f) Importer(815301076,1909f56bfc062723c751e8b465ee728b)
Start importing Assets/Sprites/candy_110/candy4_blue_02.png using Guid(be5babbc6aa895945951f7363d833e9f) Importer(815301076,1909f56bfc062723c751e8b465ee728b)  -> (artifact id: '0299b1bfce6d066ddacc34aa72958462') in 0.026854 seconds
Number of updated asset objects reloaded before import = 0
Number of asset objects unloaded after import = 3
========================================================================
Received Import Request.
  Time since last request: 0.000037 seconds.
  path: Assets/Sprites/candy_110/candy1_purple_02.png
  artifactKey: Guid(86754cae415a7b345bc6b8ba9f7d834a) Importer(815301076,1909f56bfc062723c751e8b465ee728b)
Start importing Assets/Sprites/candy_110/candy1_purple_02.png using Guid(86754cae415a7b345bc6b8ba9f7d834a) Importer(815301076,1909f56bfc062723c751e8b465ee728b)  -> (artifact id: 'cfbcd6400248c269373797fb09b8dcd7') in 0.025051 seconds
Number of updated asset objects reloaded before import = 0
Number of asset objects unloaded after import = 3
========================================================================
Received Import Request.
  Time since last request: 0.000019 seconds.
  path: Assets/Sprites/candy_110/candy4_red_03.png
  artifactKey: Guid(02b14a2c29edb20408527aad60b0768e) Importer(815301076,1909f56bfc062723c751e8b465ee728b)
Start importing Assets/Sprites/candy_110/candy4_red_03.png using Guid(02b14a2c29edb20408527aad60b0768e) Importer(815301076,1909f56bfc062723c751e8b465ee728b)  -> (artifact id: '5ab0f155a6f1ae56bc1ea15559690f56') in 0.024072 seconds
Number of updated asset objects reloaded before import = 0
Number of asset objects unloaded after import = 3
========================================================================
Received Import Request.
  Time since last request: 0.000020 seconds.
  path: Assets/Sprites/candy_110/candy1_red_03.png
  artifactKey: Guid(62edff3c69b08b24380f369150d88ca0) Importer(815301076,1909f56bfc062723c751e8b465ee728b)
Start importing Assets/Sprites/candy_110/candy1_red_03.png using Guid(62edff3c69b08b24380f369150d88ca0) Importer(815301076,1909f56bfc062723c751e8b465ee728b)  -> (artifact id: '6d34c79b9bdc3cbf62f4ea2b9d67beb0') in 0.024328 seconds
Number of updated asset objects reloaded before import = 0
Number of asset objects unloaded after import = 3
========================================================================
Received Import Request.
  Time since last request: 0.000038 seconds.
  path: Assets/Sprites/candy_110/candy4_yellow_01.png
  artifactKey: Guid(b5500b4f20ebbbe4592f56069d780c96) Importer(815301076,1909f56bfc062723c751e8b465ee728b)
Start importing Assets/Sprites/candy_110/candy4_yellow_01.png using Guid(b5500b4f20ebbbe4592f56069d780c96) Importer(815301076,1909f56bfc062723c751e8b465ee728b)  -> (artifact id: 'cf6a68e3145edc2cad6981dafd1a34f5') in 0.024981 seconds
Number of updated asset objects reloaded before import = 0
Number of asset objects unloaded after import = 3
========================================================================
Received Import Request.
  Time since last request: 0.000023 seconds.
  path: Assets/Sprites/candy_110/candy5_blue_03.png
  artifactKey: Guid(7f0660f27a1833646983c0cb381c3c0a) Importer(815301076,1909f56bfc062723c751e8b465ee728b)
Start importing Assets/Sprites/candy_110/candy5_blue_03.png using Guid(7f0660f27a1833646983c0cb381c3c0a) Importer(815301076,1909f56bfc062723c751e8b465ee728b)  -> (artifact id: 'daeb5301254d47d035e105a97d2b2e0e') in 0.025835 seconds
Number of updated asset objects reloaded before import = 0
Number of asset objects unloaded after import = 3
========================================================================
Received Import Request.
  Time since last request: 0.000020 seconds.
  path: Assets/Sprites/candy_110/candy4_orange_01.png
  artifactKey: Guid(4b303fdd5da48274ab2f9f521ceebb23) Importer(815301076,1909f56bfc062723c751e8b465ee728b)
Start importing Assets/Sprites/candy_110/candy4_orange_01.png using Guid(4b303fdd5da48274ab2f9f521ceebb23) Importer(815301076,1909f56bfc062723c751e8b465ee728b)  -> (artifact id: '8a5ca761089ea2a447c57016444a97bd') in 0.022915 seconds
Number of updated asset objects reloaded before import = 0
Number of asset objects unloaded after import = 3
========================================================================
Received Import Request.
  Time since last request: 0.000017 seconds.
  path: Assets/Sprites/candy_110/candy2_red_02.png
  artifactKey: Guid(ef1e7361118e053439853cb9689e85cc) Importer(815301076,1909f56bfc062723c751e8b465ee728b)
Start importing Assets/Sprites/candy_110/candy2_red_02.png using Guid(ef1e7361118e053439853cb9689e85cc) Importer(815301076,1909f56bfc062723c751e8b465ee728b)  -> (artifact id: '84fd3f1cd76f6123192690a7b06dfca5') in 0.025458 seconds
Number of updated asset objects reloaded before import = 0
Number of asset objects unloaded after import = 3
========================================================================
Received Import Request.
  Time since last request: 0.000026 seconds.
  path: Assets/Sprites/candy_110/candy5_purple_01.png
  artifactKey: Guid(32c7dbf5476297b45bb81a339f7a40f1) Importer(815301076,1909f56bfc062723c751e8b465ee728b)
Start importing Assets/Sprites/candy_110/candy5_purple_01.png using Guid(32c7dbf5476297b45bb81a339f7a40f1) Importer(815301076,1909f56bfc062723c751e8b465ee728b)  -> (artifact id: 'ad2a3211f4010d0964d494b57348f44a') in 0.024619 seconds
Number of updated asset objects reloaded before import = 0
Number of asset objects unloaded after import = 3
========================================================================
Received Import Request.
  Time since last request: 0.000023 seconds.
  path: Assets/Sprites/candy_110/candy4_blue_03.png
  artifactKey: Guid(88869e8e99f688b449d76cbd6d7cf429) Importer(815301076,1909f56bfc062723c751e8b465ee728b)
Start importing Assets/Sprites/candy_110/candy4_blue_03.png using Guid(88869e8e99f688b449d76cbd6d7cf429) Importer(815301076,1909f56bfc062723c751e8b465ee728b)  -> (artifact id: '82eaeac5010f31d53d907402f1f343fc') in 0.022897 seconds
Number of updated asset objects reloaded before import = 0
Number of asset objects unloaded after import = 3
========================================================================
Received Import Request.
  Time since last request: 0.000032 seconds.
  path: Assets/Sprites/candy_110/candy4_red_02.png
  artifactKey: Guid(bd736e03e0bc7e44e94daaaccd3ae33b) Importer(815301076,1909f56bfc062723c751e8b465ee728b)
Start importing Assets/Sprites/candy_110/candy4_red_02.png using Guid(bd736e03e0bc7e44e94daaaccd3ae33b) Importer(815301076,1909f56bfc062723c751e8b465ee728b)  -> (artifact id: '386b7c902ad3f89149455aaaff6cf3c9') in 0.024876 seconds
Number of updated asset objects reloaded before import = 0
Number of asset objects unloaded after import = 3
========================================================================
Received Import Request.
  Time since last request: 0.000035 seconds.
  path: Assets/Sprites/candy_110/candy2_yellow_01.png
  artifactKey: Guid(530b48b07f4d4a94692bdcf8a2dd4cc5) Importer(815301076,1909f56bfc062723c751e8b465ee728b)
Start importing Assets/Sprites/candy_110/candy2_yellow_01.png using Guid(530b48b07f4d4a94692bdcf8a2dd4cc5) Importer(815301076,1909f56bfc062723c751e8b465ee728b)  -> (artifact id: '9992366f18388f6c4472961e40a9d21f') in 0.026696 seconds
Number of updated asset objects reloaded before import = 0
Number of asset objects unloaded after import = 3
========================================================================
Received Import Request.
  Time since last request: 0.000023 seconds.
  path: Assets/Sprites/candy_110/candy2_purple_03.png
  artifactKey: Guid(54285234afe072d478aa382beb5fe586) Importer(815301076,1909f56bfc062723c751e8b465ee728b)
Start importing Assets/Sprites/candy_110/candy2_purple_03.png using Guid(54285234afe072d478aa382beb5fe586) Importer(815301076,1909f56bfc062723c751e8b465ee728b)  -> (artifact id: 'bda88d87ef51849110971b18ab132683') in 0.021696 seconds
Number of updated asset objects reloaded before import = 0
Number of asset objects unloaded after import = 3
========================================================================
Received Import Request.
  Time since last request: 0.000018 seconds.
  path: Assets/Sprites/candy_110/candy3_purple_03.png
  artifactKey: Guid(0a8480fdd58eae645bf74efc3eef1280) Importer(815301076,1909f56bfc062723c751e8b465ee728b)
Start importing Assets/Sprites/candy_110/candy3_purple_03.png using Guid(0a8480fdd58eae645bf74efc3eef1280) Importer(815301076,1909f56bfc062723c751e8b465ee728b)  -> (artifact id: '1b098589ffe89c097018ef1ebbda426a') in 0.030000 seconds
Number of updated asset objects reloaded before import = 0
Number of asset objects unloaded after import = 3
========================================================================
Received Import Request.
  Time since last request: 0.000019 seconds.
  path: Assets/Sprites/candy_110/candy4_green_03.png
  artifactKey: Guid(eb1a656680ed1814a82756a15b4a20a0) Importer(815301076,1909f56bfc062723c751e8b465ee728b)
Start importing Assets/Sprites/candy_110/candy4_green_03.png using Guid(eb1a656680ed1814a82756a15b4a20a0) Importer(815301076,1909f56bfc062723c751e8b465ee728b)  -> (artifact id: 'e72eaa716bb0040ebb51ebd82e496340') in 0.023427 seconds
Number of updated asset objects reloaded before import = 0
Number of asset objects unloaded after import = 3
========================================================================
Received Import Request.
  Time since last request: 0.000022 seconds.
  path: Assets/Sprites/candy_110/candy5_red_03.png
  artifactKey: Guid(471dfc6eeaa06364b973c86646cb6604) Importer(815301076,1909f56bfc062723c751e8b465ee728b)
Start importing Assets/Sprites/candy_110/candy5_red_03.png using Guid(471dfc6eeaa06364b973c86646cb6604) Importer(815301076,1909f56bfc062723c751e8b465ee728b)  -> (artifact id: 'c663451e73edc81b1f5ea198d4e64d87') in 0.023212 seconds
Number of updated asset objects reloaded before import = 0
Number of asset objects unloaded after import = 3
========================================================================
Received Import Request.
  Time since last request: 0.000020 seconds.
  path: Assets/Sprites/candy_110/candy3_purple_01.png
  artifactKey: Guid(de974f47613e5634a8fbfc057694e1c7) Importer(815301076,1909f56bfc062723c751e8b465ee728b)
Start importing Assets/Sprites/candy_110/candy3_purple_01.png using Guid(de974f47613e5634a8fbfc057694e1c7) Importer(815301076,1909f56bfc062723c751e8b465ee728b)  -> (artifact id: '19893d723db8b88a49f9cc5be9bb1005') in 0.024789 seconds
Number of updated asset objects reloaded before import = 0
Number of asset objects unloaded after import = 3
========================================================================
Received Import Request.
  Time since last request: 0.000025 seconds.
  path: Assets/Sprites/candy_110/candy2_yellow_03.png
  artifactKey: Guid(f84772aa47f41ac4fa1d474dfc6b687d) Importer(815301076,1909f56bfc062723c751e8b465ee728b)
Start importing Assets/Sprites/candy_110/candy2_yellow_03.png using Guid(f84772aa47f41ac4fa1d474dfc6b687d) Importer(815301076,1909f56bfc062723c751e8b465ee728b)  -> (artifact id: '515c0bc464f6a9a5e826195123a41650') in 0.021993 seconds
Number of updated asset objects reloaded before import = 0
Number of asset objects unloaded after import = 3
========================================================================
Received Import Request.
  Time since last request: 0.000029 seconds.
  path: Assets/Sprites/candy_110/candy6_blue_02.png
  artifactKey: Guid(467e8e0e4332502419c532d2cfd88a40) Importer(815301076,1909f56bfc062723c751e8b465ee728b)
Start importing Assets/Sprites/candy_110/candy6_blue_02.png using Guid(467e8e0e4332502419c532d2cfd88a40) Importer(815301076,1909f56bfc062723c751e8b465ee728b)  -> (artifact id: 'b63132fa5fb4be04613c9ff086ec0c6e') in 0.023445 seconds
Number of updated asset objects reloaded before import = 0
Number of asset objects unloaded after import = 3
========================================================================
Received Import Request.
  Time since last request: 0.000020 seconds.
  path: Assets/Sprites/candy_110/candy1_orange_01.png
  artifactKey: Guid(44cf7f0328affcb48ac3c4f69d8907f1) Importer(815301076,1909f56bfc062723c751e8b465ee728b)
Start importing Assets/Sprites/candy_110/candy1_orange_01.png using Guid(44cf7f0328affcb48ac3c4f69d8907f1) Importer(815301076,1909f56bfc062723c751e8b465ee728b)  -> (artifact id: '6ed5f6ed6391e08d81d5dfa4bd1c3bd1') in 0.021148 seconds
Number of updated asset objects reloaded before import = 0
Number of asset objects unloaded after import = 3
========================================================================
Received Import Request.
  Time since last request: 0.000026 seconds.
  path: Assets/Sprites/candy_110/candy2_orange_03.png
  artifactKey: Guid(e36672405035f984f8bad7b80ef2d7ee) Importer(815301076,1909f56bfc062723c751e8b465ee728b)
Start importing Assets/Sprites/candy_110/candy2_orange_03.png using Guid(e36672405035f984f8bad7b80ef2d7ee) Importer(815301076,1909f56bfc062723c751e8b465ee728b)  -> (artifact id: '4577fab908691170d7f4e4b61ce4884f') in 0.021503 seconds
Number of updated asset objects reloaded before import = 0
Number of asset objects unloaded after import = 3
========================================================================
Received Import Request.
  Time since last request: 0.000023 seconds.
  path: Assets/Sprites/candy_110/candy1_red_01.png
  artifactKey: Guid(c81e9d01c243dca46a3639ec99612742) Importer(815301076,1909f56bfc062723c751e8b465ee728b)
Start importing Assets/Sprites/candy_110/candy1_red_01.png using Guid(c81e9d01c243dca46a3639ec99612742) Importer(815301076,1909f56bfc062723c751e8b465ee728b)  -> (artifact id: '4408ea89d3aa673836a8d36e7a9dbeed') in 0.022276 seconds
Number of updated asset objects reloaded before import = 0
Number of asset objects unloaded after import = 3
========================================================================
Received Import Request.
  Time since last request: 0.000020 seconds.
  path: Assets/Sprites/candy_110/candy2_yellow_02.png
  artifactKey: Guid(50156d84878aaf8408bc018127be727b) Importer(815301076,1909f56bfc062723c751e8b465ee728b)
Start importing Assets/Sprites/candy_110/candy2_yellow_02.png using Guid(50156d84878aaf8408bc018127be727b) Importer(815301076,1909f56bfc062723c751e8b465ee728b)  -> (artifact id: 'c2d4356748515eb564967983cd645721') in 0.022120 seconds
Number of updated asset objects reloaded before import = 0
Number of asset objects unloaded after import = 3
========================================================================
Received Import Request.
  Time since last request: 0.000024 seconds.
  path: Assets/Sprites/candy_110/candy2_blue_01.png
  artifactKey: Guid(7ea054ce1ad34c84493ccb5bf5653243) Importer(815301076,1909f56bfc062723c751e8b465ee728b)
Start importing Assets/Sprites/candy_110/candy2_blue_01.png using Guid(7ea054ce1ad34c84493ccb5bf5653243) Importer(815301076,1909f56bfc062723c751e8b465ee728b)  -> (artifact id: '5112c5d551e184468bf57b6fde36ec88') in 0.022810 seconds
Number of updated asset objects reloaded before import = 0
Number of asset objects unloaded after import = 3
========================================================================
Received Import Request.
  Time since last request: 0.000022 seconds.
  path: Assets/Sprites/candy_110/candy1_yellow_02.png
  artifactKey: Guid(5da32024f40787a41bd0cc14631f731a) Importer(815301076,1909f56bfc062723c751e8b465ee728b)
Start importing Assets/Sprites/candy_110/candy1_yellow_02.png using Guid(5da32024f40787a41bd0cc14631f731a) Importer(815301076,1909f56bfc062723c751e8b465ee728b)  -> (artifact id: '32d9ada528edbf5e2f1d333d32c071b3') in 0.024032 seconds
Number of updated asset objects reloaded before import = 0
Number of asset objects unloaded after import = 3
========================================================================
Received Import Request.
  Time since last request: 0.000025 seconds.
  path: Assets/Sprites/candy_110/candy6_blue_01.png
  artifactKey: Guid(fc9749b1d2288474f9171f4d00676d4a) Importer(815301076,1909f56bfc062723c751e8b465ee728b)
Start importing Assets/Sprites/candy_110/candy6_blue_01.png using Guid(fc9749b1d2288474f9171f4d00676d4a) Importer(815301076,1909f56bfc062723c751e8b465ee728b)  -> (artifact id: 'a9493c89cc4f9d62c8a279c7957391e5') in 0.024027 seconds
Number of updated asset objects reloaded before import = 0
Number of asset objects unloaded after import = 3
========================================================================
Received Import Request.
  Time since last request: 0.000021 seconds.
  path: Assets/Sprites/candy_110/candy5_yellow_03.png
  artifactKey: Guid(4e157cd9c3382d441a3a84719440f220) Importer(815301076,1909f56bfc062723c751e8b465ee728b)
Start importing Assets/Sprites/candy_110/candy5_yellow_03.png using Guid(4e157cd9c3382d441a3a84719440f220) Importer(815301076,1909f56bfc062723c751e8b465ee728b)  -> (artifact id: '9313595c6d64521b1c4d16f1502df5e2') in 0.022458 seconds
Number of updated asset objects reloaded before import = 0
Number of asset objects unloaded after import = 3
========================================================================
Received Import Request.
  Time since last request: 0.000023 seconds.
  path: Assets/Sprites/candy_110/candy2_green_03.png
  artifactKey: Guid(30a31775449fd5e49901244eb1d3e257) Importer(815301076,1909f56bfc062723c751e8b465ee728b)
Start importing Assets/Sprites/candy_110/candy2_green_03.png using Guid(30a31775449fd5e49901244eb1d3e257) Importer(815301076,1909f56bfc062723c751e8b465ee728b)  -> (artifact id: 'f9ba55c072c70bf5b984b6e5a0789288') in 0.022736 seconds
Number of updated asset objects reloaded before import = 0
Number of asset objects unloaded after import = 3
========================================================================
Received Import Request.
  Time since last request: 0.000025 seconds.
  path: Assets/Sprites/candy_110/candy5_green_01.png
  artifactKey: Guid(c721d98cb0bae6c4cacbe589eb2493f4) Importer(815301076,1909f56bfc062723c751e8b465ee728b)
Start importing Assets/Sprites/candy_110/candy5_green_01.png using Guid(c721d98cb0bae6c4cacbe589eb2493f4) Importer(815301076,1909f56bfc062723c751e8b465ee728b)  -> (artifact id: 'fe1c3bf3a1aabd346bd791e1f594e147') in 0.023557 seconds
Number of updated asset objects reloaded before import = 0
Number of asset objects unloaded after import = 3
========================================================================
Received Import Request.
  Time since last request: 0.000025 seconds.
  path: Assets/Sprites/candy_110/candy6_blue_03.png
  artifactKey: Guid(87206f7302e260d4e8d465bcd79bbcab) Importer(815301076,1909f56bfc062723c751e8b465ee728b)
Start importing Assets/Sprites/candy_110/candy6_blue_03.png using Guid(87206f7302e260d4e8d465bcd79bbcab) Importer(815301076,1909f56bfc062723c751e8b465ee728b)  -> (artifact id: '4586ce3ea180b0f220657e82b1d3df42') in 0.023085 seconds
Number of updated asset objects reloaded before import = 0
Number of asset objects unloaded after import = 3
========================================================================
Received Import Request.
  Time since last request: 0.000036 seconds.
  path: Assets/Sprites/candy_110/candy5_orange_02.png
  artifactKey: Guid(0d9eefa21847dd647820d09e7da0cd53) Importer(815301076,1909f56bfc062723c751e8b465ee728b)
Start importing Assets/Sprites/candy_110/candy5_orange_02.png using Guid(0d9eefa21847dd647820d09e7da0cd53) Importer(815301076,1909f56bfc062723c751e8b465ee728b)  -> (artifact id: 'c48d57f4129014ed68f05ef78e6dd04a') in 0.022381 seconds
Number of updated asset objects reloaded before import = 0
Number of asset objects unloaded after import = 3
========================================================================
Received Import Request.
  Time since last request: 0.000017 seconds.
  path: Assets/Sprites/candy_110/candy5_blue_02.png
  artifactKey: Guid(7f21f6a87b80c9f48884569e4f4fac57) Importer(815301076,1909f56bfc062723c751e8b465ee728b)
Start importing Assets/Sprites/candy_110/candy5_blue_02.png using Guid(7f21f6a87b80c9f48884569e4f4fac57) Importer(815301076,1909f56bfc062723c751e8b465ee728b)  -> (artifact id: 'b21c856d69f0bfbba077c88e353ba07b') in 0.021343 seconds
Number of updated asset objects reloaded before import = 0
Number of asset objects unloaded after import = 3
========================================================================
Received Import Request.
  Time since last request: 0.356069 seconds.
  path: Assets/Sprites/candy_110/candy6_orange_03.png
  artifactKey: Guid(24d3ee5fd16fdda4eb240174ce639b4b) Importer(815301076,1909f56bfc062723c751e8b465ee728b)
Start importing Assets/Sprites/candy_110/candy6_orange_03.png using Guid(24d3ee5fd16fdda4eb240174ce639b4b) Importer(815301076,1909f56bfc062723c751e8b465ee728b)  -> (artifact id: '3ad98b9db53a02fb569ec4bef2b83977') in 0.024705 seconds
Number of updated asset objects reloaded before import = 0
Number of asset objects unloaded after import = 3
========================================================================
Received Import Request.
  Time since last request: 0.000019 seconds.
  path: Assets/Sprites/candy_110/candy6_yellow_02.png
  artifactKey: Guid(9b4d899d21e6f4148aac156ebdcec9ee) Importer(815301076,1909f56bfc062723c751e8b465ee728b)
Start importing Assets/Sprites/candy_110/candy6_yellow_02.png using Guid(9b4d899d21e6f4148aac156ebdcec9ee) Importer(815301076,1909f56bfc062723c751e8b465ee728b)  -> (artifact id: '4ba4e764add751ba5d5e27265203eac7') in 0.022749 seconds
Number of updated asset objects reloaded before import = 0
Number of asset objects unloaded after import = 3
========================================================================
Received Import Request.
  Time since last request: 0.000029 seconds.
  path: Assets/Sprites/candy_110/candy7_blue_02.png
  artifactKey: Guid(57c7d10b46430d649a5f7f8628c87909) Importer(815301076,1909f56bfc062723c751e8b465ee728b)
Start importing Assets/Sprites/candy_110/candy7_blue_02.png using Guid(57c7d10b46430d649a5f7f8628c87909) Importer(815301076,1909f56bfc062723c751e8b465ee728b)  -> (artifact id: '573b863884d4e3759cf1380e280f8b63') in 0.027072 seconds
Number of updated asset objects reloaded before import = 0
Number of asset objects unloaded after import = 3
========================================================================
Received Import Request.
  Time since last request: 0.000036 seconds.
  path: Assets/Sprites/candy_110/candy6_red_03.png
  artifactKey: Guid(1357e7d8daf73c94e9643d369a1bf37b) Importer(815301076,1909f56bfc062723c751e8b465ee728b)
Start importing Assets/Sprites/candy_110/candy6_red_03.png using Guid(1357e7d8daf73c94e9643d369a1bf37b) Importer(815301076,1909f56bfc062723c751e8b465ee728b)  -> (artifact id: '92affbcc6d5b537b3f0f4721e6dc9982') in 0.025020 seconds
Number of updated asset objects reloaded before import = 0
Number of asset objects unloaded after import = 3
========================================================================
Received Import Request.
  Time since last request: 0.000018 seconds.
  path: Assets/Sprites/candy_110/candy7_orange_03.png
  artifactKey: Guid(67995fe10dad89b4ab98af7c56a8bed9) Importer(815301076,1909f56bfc062723c751e8b465ee728b)
Start importing Assets/Sprites/candy_110/candy7_orange_03.png using Guid(67995fe10dad89b4ab98af7c56a8bed9) Importer(815301076,1909f56bfc062723c751e8b465ee728b)  -> (artifact id: '87bc70f45505501310bfe03c1c635bd4') in 0.028574 seconds
Number of updated asset objects reloaded before import = 0
Number of asset objects unloaded after import = 3
========================================================================
Received Import Request.
  Time since last request: 0.000017 seconds.
  path: Assets/Sprites/candy_110/candy7_yellow_01.png
  artifactKey: Guid(4d2d73b762eb8da4787c3a21fd5491fd) Importer(815301076,1909f56bfc062723c751e8b465ee728b)
Start importing Assets/Sprites/candy_110/candy7_yellow_01.png using Guid(4d2d73b762eb8da4787c3a21fd5491fd) Importer(815301076,1909f56bfc062723c751e8b465ee728b)  -> (artifact id: '11dc33fadc54666d5968429aff1887f8') in 0.023189 seconds
Number of updated asset objects reloaded before import = 0
Number of asset objects unloaded after import = 3
========================================================================
Received Import Request.
  Time since last request: 0.000018 seconds.
  path: Assets/Sprites/candy_110/candy7_red_01.png
  artifactKey: Guid(e5bd095e2fb48844c9b4ca8cecd45c08) Importer(815301076,1909f56bfc062723c751e8b465ee728b)
Start importing Assets/Sprites/candy_110/candy7_red_01.png using Guid(e5bd095e2fb48844c9b4ca8cecd45c08) Importer(815301076,1909f56bfc062723c751e8b465ee728b)  -> (artifact id: '4349a1e481b45e0edb5268a46fc9788e') in 0.024968 seconds
Number of updated asset objects reloaded before import = 0
Number of asset objects unloaded after import = 3
========================================================================
Received Import Request.
  Time since last request: 0.000025 seconds.
  path: Assets/Sprites/candy_110/candy7_green_02.png
  artifactKey: Guid(29a1860f7bf92c84cab2d7ab28e41a99) Importer(815301076,1909f56bfc062723c751e8b465ee728b)
Start importing Assets/Sprites/candy_110/candy7_green_02.png using Guid(29a1860f7bf92c84cab2d7ab28e41a99) Importer(815301076,1909f56bfc062723c751e8b465ee728b)  -> (artifact id: '93a7477d30a31c1c0de54745576a4232') in 0.022810 seconds
Number of updated asset objects reloaded before import = 0
Number of asset objects unloaded after import = 3
========================================================================
Received Import Request.
  Time since last request: 0.000018 seconds.
  path: Assets/Sprites/candy_110/candy6_red_02.png
  artifactKey: Guid(28eb293d3f862bc41a78d45fdd289d99) Importer(815301076,1909f56bfc062723c751e8b465ee728b)
Start importing Assets/Sprites/candy_110/candy6_red_02.png using Guid(28eb293d3f862bc41a78d45fdd289d99) Importer(815301076,1909f56bfc062723c751e8b465ee728b)  -> (artifact id: 'd583e0cf50968b6a8304a0e9c4f58f58') in 0.022167 seconds
Number of updated asset objects reloaded before import = 0
Number of asset objects unloaded after import = 3
========================================================================
Received Import Request.
  Time since last request: 0.000023 seconds.
  path: Assets/Sprites/candy_110/candy7_blue_03.png
  artifactKey: Guid(e67f6db2b6f8a144398d6d4a39e0c472) Importer(815301076,1909f56bfc062723c751e8b465ee728b)
Start importing Assets/Sprites/candy_110/candy7_blue_03.png using Guid(e67f6db2b6f8a144398d6d4a39e0c472) Importer(815301076,1909f56bfc062723c751e8b465ee728b)  -> (artifact id: '436d2f600545054e891a681000dfe7b5') in 0.023658 seconds
Number of updated asset objects reloaded before import = 0
Number of asset objects unloaded after import = 3
========================================================================
Received Import Request.
  Time since last request: 0.000018 seconds.
  path: Assets/Sprites/candy_110/candy7_blue_01.png
  artifactKey: Guid(97618c4a1d35c5b4688d128066203fb7) Importer(815301076,1909f56bfc062723c751e8b465ee728b)
Start importing Assets/Sprites/candy_110/candy7_blue_01.png using Guid(97618c4a1d35c5b4688d128066203fb7) Importer(815301076,1909f56bfc062723c751e8b465ee728b)  -> (artifact id: 'e02ad2a2234d7a0b2ccb457ef96a7089') in 0.022535 seconds
Number of updated asset objects reloaded before import = 0
Number of asset objects unloaded after import = 3
========================================================================
Received Import Request.
  Time since last request: 0.000024 seconds.
  path: Assets/Sprites/candy_110/candy6_purple_03.png
  artifactKey: Guid(b94b8bafe3fc25845a9f09e2fc066218) Importer(815301076,1909f56bfc062723c751e8b465ee728b)
Start importing Assets/Sprites/candy_110/candy6_purple_03.png using Guid(b94b8bafe3fc25845a9f09e2fc066218) Importer(815301076,1909f56bfc062723c751e8b465ee728b)  -> (artifact id: '12df15d072cd1cf2b4bb01da084ac383') in 0.021436 seconds
Number of updated asset objects reloaded before import = 0
Number of asset objects unloaded after import = 3
========================================================================
Received Import Request.
  Time since last request: 0.000022 seconds.
  path: Assets/Sprites/candy_110/candy7_purple_02.png
  artifactKey: Guid(476fe6083c7b557489232b7eca655278) Importer(815301076,1909f56bfc062723c751e8b465ee728b)
Start importing Assets/Sprites/candy_110/candy7_purple_02.png using Guid(476fe6083c7b557489232b7eca655278) Importer(815301076,1909f56bfc062723c751e8b465ee728b)  -> (artifact id: '73d00a8326079da6fbb5b0a1fa4429f1') in 0.022618 seconds
Number of updated asset objects reloaded before import = 0
Number of asset objects unloaded after import = 3
========================================================================
Received Import Request.
  Time since last request: 0.000018 seconds.
  path: Assets/Sprites/candy_110/wood_02.png
  artifactKey: Guid(226d024784a260d4fa95e078c7ec8ec6) Importer(815301076,1909f56bfc062723c751e8b465ee728b)
Start importing Assets/Sprites/candy_110/wood_02.png using Guid(226d024784a260d4fa95e078c7ec8ec6) Importer(815301076,1909f56bfc062723c751e8b465ee728b)  -> (artifact id: 'c6e1b485e23c22f52b713581caca0b7f') in 0.022506 seconds
Number of updated asset objects reloaded before import = 0
Number of asset objects unloaded after import = 3
========================================================================
Received Import Request.
  Time since last request: 0.000021 seconds.
  path: Assets/Sprites/candy_110/ice_01.png
  artifactKey: Guid(5c045bcf226089f46abb69dc8e86ab1c) Importer(815301076,1909f56bfc062723c751e8b465ee728b)
Start importing Assets/Sprites/candy_110/ice_01.png using Guid(5c045bcf226089f46abb69dc8e86ab1c) Importer(815301076,1909f56bfc062723c751e8b465ee728b)  -> (artifact id: '93ab89dab205e02bd8395c48def8bf90') in 0.023136 seconds
Number of updated asset objects reloaded before import = 0
Number of asset objects unloaded after import = 3
========================================================================
Received Import Request.
  Time since last request: 0.000027 seconds.
  path: Assets/Sprites/candy_110/wood_01.png
  artifactKey: Guid(aa9abe39e98e7f94f9dd659056e6f690) Importer(815301076,1909f56bfc062723c751e8b465ee728b)
Start importing Assets/Sprites/candy_110/wood_01.png using Guid(aa9abe39e98e7f94f9dd659056e6f690) Importer(815301076,1909f56bfc062723c751e8b465ee728b)  -> (artifact id: 'd903fce8581b5b6b71c0092f8462e347') in 0.022294 seconds
Number of updated asset objects reloaded before import = 0
Number of asset objects unloaded after import = 3
========================================================================
Received Import Request.
  Time since last request: 0.000024 seconds.
  path: Assets/Sprites/candy_110/candy10_choco.png
  artifactKey: Guid(9829abb5309de184fb9df3741767868e) Importer(815301076,1909f56bfc062723c751e8b465ee728b)
Start importing Assets/Sprites/candy_110/candy10_choco.png using Guid(9829abb5309de184fb9df3741767868e) Importer(815301076,1909f56bfc062723c751e8b465ee728b)  -> (artifact id: '4991cd593533d31dbc1c3af4e24fbeb4') in 0.024386 seconds
Number of updated asset objects reloaded before import = 0
Number of asset objects unloaded after import = 3
========================================================================
Received Import Request.
  Time since last request: 0.000014 seconds.
  path: Assets/Sprites/candy_110/candy7_orange_02.png
  artifactKey: Guid(3bc05b3dada38b04e82e8b49e2dcdcdd) Importer(815301076,1909f56bfc062723c751e8b465ee728b)
Start importing Assets/Sprites/candy_110/candy7_orange_02.png using Guid(3bc05b3dada38b04e82e8b49e2dcdcdd) Importer(815301076,1909f56bfc062723c751e8b465ee728b)  -> (artifact id: '8f3ac57bd5d112de61cb1105ff2f6c6d') in 0.022333 seconds
Number of updated asset objects reloaded before import = 0
Number of asset objects unloaded after import = 3
========================================================================
Received Import Request.
  Time since last request: 0.000020 seconds.
  path: Assets/Sprites/candy_110/candy6_yellow_03.png
  artifactKey: Guid(dab2cbda92a69254cb2e5cef595ff0c6) Importer(815301076,1909f56bfc062723c751e8b465ee728b)
Start importing Assets/Sprites/candy_110/candy6_yellow_03.png using Guid(dab2cbda92a69254cb2e5cef595ff0c6) Importer(815301076,1909f56bfc062723c751e8b465ee728b)  -> (artifact id: '1806e59dfcec37a23351ed014b1b1184') in 0.022444 seconds
Number of updated asset objects reloaded before import = 0
Number of asset objects unloaded after import = 3
========================================================================
Received Import Request.
  Time since last request: 0.000024 seconds.
  path: Assets/Sprites/candy_110/cherry.png
  artifactKey: Guid(6fa6f6984a02c564b88527f5345ac0fb) Importer(815301076,1909f56bfc062723c751e8b465ee728b)
Start importing Assets/Sprites/candy_110/cherry.png using Guid(6fa6f6984a02c564b88527f5345ac0fb) Importer(815301076,1909f56bfc062723c751e8b465ee728b)  -> (artifact id: '88d8a4cc9278c0ac56accc052fa88d63') in 0.024216 seconds
Number of updated asset objects reloaded before import = 0
Number of asset objects unloaded after import = 3
========================================================================
Received Import Request.
  Time since last request: 0.000021 seconds.
  path: Assets/Sprites/candy_110/candy7_green_01.png
  artifactKey: Guid(2e666ac3a3cb72e448ef07c4955fde9f) Importer(815301076,1909f56bfc062723c751e8b465ee728b)
Start importing Assets/Sprites/candy_110/candy7_green_01.png using Guid(2e666ac3a3cb72e448ef07c4955fde9f) Importer(815301076,1909f56bfc062723c751e8b465ee728b)  -> (artifact id: 'a7ee21150214da68ff7d843c43ce43bc') in 0.023181 seconds
Number of updated asset objects reloaded before import = 0
Number of asset objects unloaded after import = 3
========================================================================
Received Import Request.
  Time since last request: 0.000020 seconds.
  path: Assets/Sprites/candy_110/candy6_purple_02.png
  artifactKey: Guid(f9dfe80f65de7704fac8f4b80771a419) Importer(815301076,1909f56bfc062723c751e8b465ee728b)
Start importing Assets/Sprites/candy_110/candy6_purple_02.png using Guid(f9dfe80f65de7704fac8f4b80771a419) Importer(815301076,1909f56bfc062723c751e8b465ee728b)  -> (artifact id: '11da88c0900b357eae95118169459fe3') in 0.022062 seconds
Number of updated asset objects reloaded before import = 0
Number of asset objects unloaded after import = 3
========================================================================
Received Import Request.
  Time since last request: 17.738118 seconds.
  path: Assets/Sprites/candy_110/box.png
  artifactKey: Guid(ce22a1c0dbe5a3440928dc5054b6f557) Importer(815301076,1909f56bfc062723c751e8b465ee728b)
Start importing Assets/Sprites/candy_110/box.png using Guid(ce22a1c0dbe5a3440928dc5054b6f557) Importer(815301076,1909f56bfc062723c751e8b465ee728b)  -> (artifact id: '6629f99faf2716ce1f9ecdc3802cb4b0') in 0.028390 seconds
Number of updated asset objects reloaded before import = 0
Number of asset objects unloaded after import = 3
========================================================================
Received Import Request.
  Time since last request: 0.000019 seconds.
  path: Assets/Sprites/candy_110/candy1_red_02.png
  artifactKey: Guid(18ea2e43a439e754797f66b064c02f41) Importer(815301076,1909f56bfc062723c751e8b465ee728b)
Start importing Assets/Sprites/candy_110/candy1_red_02.png using Guid(18ea2e43a439e754797f66b064c02f41) Importer(815301076,1909f56bfc062723c751e8b465ee728b)  -> (artifact id: 'c021df373d25d12b5965a1cb4447e675') in 0.034030 seconds
Number of updated asset objects reloaded before import = 0
Number of asset objects unloaded after import = 3
========================================================================
Received Import Request.
  Time since last request: 0.000017 seconds.
  path: Assets/Sprites/candy_110/candy5_yellow_01.png
  artifactKey: Guid(250840e7728c755459d0faa4bb822465) Importer(815301076,1909f56bfc062723c751e8b465ee728b)
Start importing Assets/Sprites/candy_110/candy5_yellow_01.png using Guid(250840e7728c755459d0faa4bb822465) Importer(815301076,1909f56bfc062723c751e8b465ee728b)  -> (artifact id: '153b823d1066cb31cb32f1f9523d9e85') in 0.022978 seconds
Number of updated asset objects reloaded before import = 0
Number of asset objects unloaded after import = 3
========================================================================
Received Import Request.
  Time since last request: 0.000022 seconds.
  path: Assets/Sprites/candy_110/candy2_blue_02.png
  artifactKey: Guid(13e9f42052bead24aa9279eadec461b3) Importer(815301076,1909f56bfc062723c751e8b465ee728b)
Start importing Assets/Sprites/candy_110/candy2_blue_02.png using Guid(13e9f42052bead24aa9279eadec461b3) Importer(815301076,1909f56bfc062723c751e8b465ee728b)  -> (artifact id: '2ad12fab037b98ea20fd5457cc84c8ad') in 0.023785 seconds
Number of updated asset objects reloaded before import = 0
Number of asset objects unloaded after import = 3
========================================================================
Received Import Request.
  Time since last request: 0.000017 seconds.
  path: Assets/Sprites/candy_110/candy6_green_02.png
  artifactKey: Guid(6884cb9fcc27c3c468fddd9637d40e96) Importer(815301076,1909f56bfc062723c751e8b465ee728b)
Start importing Assets/Sprites/candy_110/candy6_green_02.png using Guid(6884cb9fcc27c3c468fddd9637d40e96) Importer(815301076,1909f56bfc062723c751e8b465ee728b)  -> (artifact id: '75e4ef5f08e626eaa9c4169ac78ed4b7') in 0.024821 seconds
Number of updated asset objects reloaded before import = 0
Number of asset objects unloaded after import = 3
========================================================================
Received Import Request.
  Time since last request: 0.000022 seconds.
  path: Assets/Sprites/candy_110/candy5_orange_03.png
  artifactKey: Guid(90bf255e02b0ed841a99a4054c052ae3) Importer(815301076,1909f56bfc062723c751e8b465ee728b)
Start importing Assets/Sprites/candy_110/candy5_orange_03.png using Guid(90bf255e02b0ed841a99a4054c052ae3) Importer(815301076,1909f56bfc062723c751e8b465ee728b)  -> (artifact id: '2427c9c514474ab3abca1c3bea656819') in 0.023217 seconds
Number of updated asset objects reloaded before import = 0
Number of asset objects unloaded after import = 3
========================================================================
Received Import Request.
  Time since last request: 0.000016 seconds.
  path: Assets/Sprites/candy_110/candy4_red_03.png
  artifactKey: Guid(02b14a2c29edb20408527aad60b0768e) Importer(815301076,1909f56bfc062723c751e8b465ee728b)
Start importing Assets/Sprites/candy_110/candy4_red_03.png using Guid(02b14a2c29edb20408527aad60b0768e) Importer(815301076,1909f56bfc062723c751e8b465ee728b)  -> (artifact id: '18b9cd8ce7ce55eb8b3ae15f4d33f220') in 0.025776 seconds
Number of updated asset objects reloaded before import = 0
Number of asset objects unloaded after import = 3
========================================================================
Received Import Request.
  Time since last request: 0.000026 seconds.
  path: Assets/Sprites/candy_110/candy2_orange_01.png
  artifactKey: Guid(8ff82540447569a40a5858c319a5146b) Importer(815301076,1909f56bfc062723c751e8b465ee728b)
Start importing Assets/Sprites/candy_110/candy2_orange_01.png using Guid(8ff82540447569a40a5858c319a5146b) Importer(815301076,1909f56bfc062723c751e8b465ee728b)  -> (artifact id: '4fd2c8f1e26ce5baec29f7c2b770aea9') in 0.025497 seconds
Number of updated asset objects reloaded before import = 0
Number of asset objects unloaded after import = 3
========================================================================
Received Import Request.
  Time since last request: 0.000017 seconds.
  path: Assets/Sprites/candy_110/candy5_orange_01.png
  artifactKey: Guid(bad21261e0a98f04490230c2def7b205) Importer(815301076,1909f56bfc062723c751e8b465ee728b)
Start importing Assets/Sprites/candy_110/candy5_orange_01.png using Guid(bad21261e0a98f04490230c2def7b205) Importer(815301076,1909f56bfc062723c751e8b465ee728b)  -> (artifact id: 'b8c52b372ed85219dcae40e0a744539c') in 0.022362 seconds
Number of updated asset objects reloaded before import = 0
Number of asset objects unloaded after import = 3
========================================================================
Received Import Request.
  Time since last request: 0.000021 seconds.
  path: Assets/Sprites/candy_110/candy4_orange_01.png
  artifactKey: Guid(4b303fdd5da48274ab2f9f521ceebb23) Importer(815301076,1909f56bfc062723c751e8b465ee728b)
Start importing Assets/Sprites/candy_110/candy4_orange_01.png using Guid(4b303fdd5da48274ab2f9f521ceebb23) Importer(815301076,1909f56bfc062723c751e8b465ee728b)  -> (artifact id: '03862af972c7252ad649b9e4abe046ed') in 0.023082 seconds
Number of updated asset objects reloaded before import = 0
Number of asset objects unloaded after import = 3
========================================================================
Received Import Request.
  Time since last request: 0.000021 seconds.
  path: Assets/Sprites/candy_110/candy4_green_01.png
  artifactKey: Guid(ba84311b8ce44d34485d31730dd26563) Importer(815301076,1909f56bfc062723c751e8b465ee728b)
Start importing Assets/Sprites/candy_110/candy4_green_01.png using Guid(ba84311b8ce44d34485d31730dd26563) Importer(815301076,1909f56bfc062723c751e8b465ee728b)  -> (artifact id: 'f440d3b6ff5e1af38615ad5412d09c88') in 0.022463 seconds
Number of updated asset objects reloaded before import = 0
Number of asset objects unloaded after import = 3
========================================================================
Received Import Request.
  Time since last request: 0.000020 seconds.
  path: Assets/Sprites/candy_110/candy4_blue_03.png
  artifactKey: Guid(88869e8e99f688b449d76cbd6d7cf429) Importer(815301076,1909f56bfc062723c751e8b465ee728b)
Start importing Assets/Sprites/candy_110/candy4_blue_03.png using Guid(88869e8e99f688b449d76cbd6d7cf429) Importer(815301076,1909f56bfc062723c751e8b465ee728b)  -> (artifact id: '87ffa65e859298271955f07ed5b98206') in 0.022776 seconds
Number of updated asset objects reloaded before import = 0
Number of asset objects unloaded after import = 3
========================================================================
Received Import Request.
  Time since last request: 0.000015 seconds.
  path: Assets/Sprites/candy_110/candy2_yellow_01.png
  artifactKey: Guid(530b48b07f4d4a94692bdcf8a2dd4cc5) Importer(815301076,1909f56bfc062723c751e8b465ee728b)
Start importing Assets/Sprites/candy_110/candy2_yellow_01.png using Guid(530b48b07f4d4a94692bdcf8a2dd4cc5) Importer(815301076,1909f56bfc062723c751e8b465ee728b)  -> (artifact id: '2e89ea82aa8158800d4c9cdb708e0706') in 0.021865 seconds
Number of updated asset objects reloaded before import = 0
Number of asset objects unloaded after import = 3
========================================================================
Received Import Request.
  Time since last request: 0.000020 seconds.
  path: Assets/Sprites/candy_110/candy2_purple_03.png
  artifactKey: Guid(54285234afe072d478aa382beb5fe586) Importer(815301076,1909f56bfc062723c751e8b465ee728b)
Start importing Assets/Sprites/candy_110/candy2_purple_03.png using Guid(54285234afe072d478aa382beb5fe586) Importer(815301076,1909f56bfc062723c751e8b465ee728b)  -> (artifact id: '77c5827c4fe6b83f5ccf1972cd329c7b') in 0.022263 seconds
Number of updated asset objects reloaded before import = 0
Number of asset objects unloaded after import = 3
========================================================================
Received Import Request.
  Time since last request: 0.000017 seconds.
  path: Assets/Sprites/candy_110/candy5_purple_02.png
  artifactKey: Guid(921d3e9ba98fdf94b87f8f294df8bd0d) Importer(815301076,1909f56bfc062723c751e8b465ee728b)
Start importing Assets/Sprites/candy_110/candy5_purple_02.png using Guid(921d3e9ba98fdf94b87f8f294df8bd0d) Importer(815301076,1909f56bfc062723c751e8b465ee728b)  -> (artifact id: '427f84a7a6749a27a3a4819fafa01ea8') in 0.021883 seconds
Number of updated asset objects reloaded before import = 0
Number of asset objects unloaded after import = 3
========================================================================
Received Import Request.
  Time since last request: 0.000021 seconds.
  path: Assets/Sprites/candy_110/candy5_red_03.png
  artifactKey: Guid(471dfc6eeaa06364b973c86646cb6604) Importer(815301076,1909f56bfc062723c751e8b465ee728b)
Start importing Assets/Sprites/candy_110/candy5_red_03.png using Guid(471dfc6eeaa06364b973c86646cb6604) Importer(815301076,1909f56bfc062723c751e8b465ee728b)  -> (artifact id: '704e87caa97b1413997b8e1ca804af45') in 0.023435 seconds
Number of updated asset objects reloaded before import = 0
Number of asset objects unloaded after import = 3
========================================================================
Received Import Request.
  Time since last request: 0.000026 seconds.
  path: Assets/Sprites/candy_110/candy2_yellow_03.png
  artifactKey: Guid(f84772aa47f41ac4fa1d474dfc6b687d) Importer(815301076,1909f56bfc062723c751e8b465ee728b)
Start importing Assets/Sprites/candy_110/candy2_yellow_03.png using Guid(f84772aa47f41ac4fa1d474dfc6b687d) Importer(815301076,1909f56bfc062723c751e8b465ee728b)  -> (artifact id: '2bb675d2da56c03d2ceca1204ad10fc3') in 0.026327 seconds
Number of updated asset objects reloaded before import = 0
Number of asset objects unloaded after import = 3
========================================================================
Received Import Request.
  Time since last request: 0.000029 seconds.
  path: Assets/Sprites/candy_110/candy1_blue_03.png
  artifactKey: Guid(e63cf0fbcddf4194da2066df3fbb09dd) Importer(815301076,1909f56bfc062723c751e8b465ee728b)
Start importing Assets/Sprites/candy_110/candy1_blue_03.png using Guid(e63cf0fbcddf4194da2066df3fbb09dd) Importer(815301076,1909f56bfc062723c751e8b465ee728b)  -> (artifact id: '71e0b91cde05b2e86fe3688e6630ae5a') in 0.023866 seconds
Number of updated asset objects reloaded before import = 0
Number of asset objects unloaded after import = 3
========================================================================
Received Import Request.
  Time since last request: 0.000020 seconds.
  path: Assets/Sprites/candy_110/candy1_yellow_03.png
  artifactKey: Guid(9576b9a8e95e1e842ab130637bc5f630) Importer(815301076,1909f56bfc062723c751e8b465ee728b)
Start importing Assets/Sprites/candy_110/candy1_yellow_03.png using Guid(9576b9a8e95e1e842ab130637bc5f630) Importer(815301076,1909f56bfc062723c751e8b465ee728b)  -> (artifact id: '952fa485b7711cf17017a5f897d68158') in 0.021363 seconds
Number of updated asset objects reloaded before import = 0
Number of asset objects unloaded after import = 3
========================================================================
Received Import Request.
  Time since last request: 0.000028 seconds.
  path: Assets/Sprites/candy_110/candy1_blue_02.png
  artifactKey: Guid(fd51038e91eadd64eb41db2c8b2b93ad) Importer(815301076,1909f56bfc062723c751e8b465ee728b)
Start importing Assets/Sprites/candy_110/candy1_blue_02.png using Guid(fd51038e91eadd64eb41db2c8b2b93ad) Importer(815301076,1909f56bfc062723c751e8b465ee728b)  -> (artifact id: '4c4af56c8ba753d510edee6fc8288731') in 0.020377 seconds
Number of updated asset objects reloaded before import = 0
Number of asset objects unloaded after import = 3
========================================================================
Received Import Request.
  Time since last request: 0.000019 seconds.
  path: Assets/Sprites/candy_110/candy4_red_01.png
  artifactKey: Guid(21e894cc85e958447a5267e21e681aff) Importer(815301076,1909f56bfc062723c751e8b465ee728b)
Start importing Assets/Sprites/candy_110/candy4_red_01.png using Guid(21e894cc85e958447a5267e21e681aff) Importer(815301076,1909f56bfc062723c751e8b465ee728b)  -> (artifact id: '637759cb6c4bf177a4983576124265b4') in 0.021545 seconds
Number of updated asset objects reloaded before import = 0
Number of asset objects unloaded after import = 3
========================================================================
Received Import Request.
  Time since last request: 0.000024 seconds.
  path: Assets/Sprites/candy_110/candy2_yellow_02.png
  artifactKey: Guid(50156d84878aaf8408bc018127be727b) Importer(815301076,1909f56bfc062723c751e8b465ee728b)
Start importing Assets/Sprites/candy_110/candy2_yellow_02.png using Guid(50156d84878aaf8408bc018127be727b) Importer(815301076,1909f56bfc062723c751e8b465ee728b)  -> (artifact id: 'd1636d5730118188cc1f09399ce27880') in 0.021739 seconds
Number of updated asset objects reloaded before import = 0
Number of asset objects unloaded after import = 3
========================================================================
Received Import Request.
  Time since last request: 0.000022 seconds.
  path: Assets/Sprites/candy_110/candy4_orange_02.png
  artifactKey: Guid(69d733c667b94bb43b7f6f471e3b3df2) Importer(815301076,1909f56bfc062723c751e8b465ee728b)
Start importing Assets/Sprites/candy_110/candy4_orange_02.png using Guid(69d733c667b94bb43b7f6f471e3b3df2) Importer(815301076,1909f56bfc062723c751e8b465ee728b)  -> (artifact id: '4490a730969c9a5d8251f7f12d040e75') in 0.020906 seconds
Number of updated asset objects reloaded before import = 0
Number of asset objects unloaded after import = 3
========================================================================
Received Import Request.
  Time since last request: 0.000016 seconds.
  path: Assets/Sprites/candy_110/candy2_green_02.png
  artifactKey: Guid(49c279ad3c78be045b819483799a5fa0) Importer(815301076,1909f56bfc062723c751e8b465ee728b)
Start importing Assets/Sprites/candy_110/candy2_green_02.png using Guid(49c279ad3c78be045b819483799a5fa0) Importer(815301076,1909f56bfc062723c751e8b465ee728b)  -> (artifact id: '2c465624d1825e22f1e86aabd6c2de37') in 0.023972 seconds
Number of updated asset objects reloaded before import = 0
Number of asset objects unloaded after import = 3
========================================================================
Received Import Request.
  Time since last request: 0.000026 seconds.
  path: Assets/Sprites/candy_110/candy2_green_03.png
  artifactKey: Guid(30a31775449fd5e49901244eb1d3e257) Importer(815301076,1909f56bfc062723c751e8b465ee728b)
Start importing Assets/Sprites/candy_110/candy2_green_03.png using Guid(30a31775449fd5e49901244eb1d3e257) Importer(815301076,1909f56bfc062723c751e8b465ee728b)  -> (artifact id: '9e11f602c5fc65eba45069dbb66a51e7') in 0.020956 seconds
Number of updated asset objects reloaded before import = 0
Number of asset objects unloaded after import = 3
========================================================================
Received Import Request.
  Time since last request: 0.000018 seconds.
  path: Assets/Sprites/candy_110/candy6_green_01.png
  artifactKey: Guid(c30c637c0642a1c47a778ba544b2789d) Importer(815301076,1909f56bfc062723c751e8b465ee728b)
Start importing Assets/Sprites/candy_110/candy6_green_01.png using Guid(c30c637c0642a1c47a778ba544b2789d) Importer(815301076,1909f56bfc062723c751e8b465ee728b)  -> (artifact id: '0bfe1b9b4108c8236fcac33764d62cd7') in 0.019080 seconds
Number of updated asset objects reloaded before import = 0
Number of asset objects unloaded after import = 3
========================================================================
Received Import Request.
  Time since last request: 0.000018 seconds.
  path: Assets/Sprites/candy_110/candy5_orange_02.png
  artifactKey: Guid(0d9eefa21847dd647820d09e7da0cd53) Importer(815301076,1909f56bfc062723c751e8b465ee728b)
Start importing Assets/Sprites/candy_110/candy5_orange_02.png using Guid(0d9eefa21847dd647820d09e7da0cd53) Importer(815301076,1909f56bfc062723c751e8b465ee728b)  -> (artifact id: '167bd94c73ec1eae78c1db3b7b4cc15b') in 0.020928 seconds
Number of updated asset objects reloaded before import = 0
Number of asset objects unloaded after import = 3
========================================================================
Received Import Request.
  Time since last request: 0.000017 seconds.
  path: Assets/Sprites/candy_110/candy5_blue_02.png
  artifactKey: Guid(7f21f6a87b80c9f48884569e4f4fac57) Importer(815301076,1909f56bfc062723c751e8b465ee728b)
Start importing Assets/Sprites/candy_110/candy5_blue_02.png using Guid(7f21f6a87b80c9f48884569e4f4fac57) Importer(815301076,1909f56bfc062723c751e8b465ee728b)  -> (artifact id: '0f1673b7e7142515cbeb874583d64a85') in 0.019429 seconds
Number of updated asset objects reloaded before import = 0
Number of asset objects unloaded after import = 3
========================================================================
Received Import Request.
  Time since last request: 47.376668 seconds.
  path: Assets/Sprites/candy_110/candy6_orange_04.png
  artifactKey: Guid(704fcbc8b22a7134fbb2547907cf7217) Importer(815301076,1909f56bfc062723c751e8b465ee728b)
Start importing Assets/Sprites/candy_110/candy6_orange_04.png using Guid(704fcbc8b22a7134fbb2547907cf7217) Importer(815301076,1909f56bfc062723c751e8b465ee728b)  -> (artifact id: 'e879574b6032d2c4d99bea80ea3c88eb') in 0.022536 seconds
Number of updated asset objects reloaded before import = 0
Number of asset objects unloaded after import = 3
========================================================================
Received Import Request.
  Time since last request: 0.000017 seconds.
  path: Assets/Sprites/candy_110/candy6_yellow_01.png
  artifactKey: Guid(7a42ead4ec11aee409c117a3c86722e7) Importer(815301076,1909f56bfc062723c751e8b465ee728b)
Start importing Assets/Sprites/candy_110/candy6_yellow_01.png using Guid(7a42ead4ec11aee409c117a3c86722e7) Importer(815301076,1909f56bfc062723c751e8b465ee728b)  -> (artifact id: 'd91feb62719e4956dc2d5ee3ac00502b') in 0.046205 seconds
Number of updated asset objects reloaded before import = 0
Number of asset objects unloaded after import = 3
========================================================================
Received Import Request.
  Time since last request: 0.000015 seconds.
  path: Assets/Sprites/candy_110/candy6_red_02.png
  artifactKey: Guid(28eb293d3f862bc41a78d45fdd289d99) Importer(815301076,1909f56bfc062723c751e8b465ee728b)
Start importing Assets/Sprites/candy_110/candy6_red_02.png using Guid(28eb293d3f862bc41a78d45fdd289d99) Importer(815301076,1909f56bfc062723c751e8b465ee728b)  -> (artifact id: '1f4cc508f1da4c17c20fc580364daa13') in 0.025720 seconds
Number of updated asset objects reloaded before import = 0
Number of asset objects unloaded after import = 3
========================================================================
Received Import Request.
  Time since last request: 0.000023 seconds.
  path: Assets/Sprites/candy_110/candy7_orange_03.png
  artifactKey: Guid(67995fe10dad89b4ab98af7c56a8bed9) Importer(815301076,1909f56bfc062723c751e8b465ee728b)
Start importing Assets/Sprites/candy_110/candy7_orange_03.png using Guid(67995fe10dad89b4ab98af7c56a8bed9) Importer(815301076,1909f56bfc062723c751e8b465ee728b)  -> (artifact id: 'd9dc4439282e2b3991465a875166e124') in 0.025186 seconds
Number of updated asset objects reloaded before import = 0
Number of asset objects unloaded after import = 3
========================================================================
Received Import Request.
  Time since last request: 0.000024 seconds.
  path: Assets/Sprites/candy_110/candy8_green_bomb.png
  artifactKey: Guid(4fe9f3a2118cb124f82cbbc04b4cb0f1) Importer(815301076,1909f56bfc062723c751e8b465ee728b)
Start importing Assets/Sprites/candy_110/candy8_green_bomb.png using Guid(4fe9f3a2118cb124f82cbbc04b4cb0f1) Importer(815301076,1909f56bfc062723c751e8b465ee728b)  -> (artifact id: '838cc8d4b9894dbdd38f47cdd7d36340') in 0.025709 seconds
Number of updated asset objects reloaded before import = 0
Number of asset objects unloaded after import = 3
========================================================================
Received Import Request.
  Time since last request: 0.000027 seconds.
  path: Assets/Sprites/candy_110/ice_02.png
  artifactKey: Guid(f38af8e4e45790142833b876ce20a858) Importer(815301076,1909f56bfc062723c751e8b465ee728b)
Start importing Assets/Sprites/candy_110/ice_02.png using Guid(f38af8e4e45790142833b876ce20a858) Importer(815301076,1909f56bfc062723c751e8b465ee728b)  -> (artifact id: '1bb335462b698059949aecfa7af247ae') in 0.029135 seconds
Number of updated asset objects reloaded before import = 0
Number of asset objects unloaded after import = 3
========================================================================
Received Import Request.
  Time since last request: 0.000020 seconds.
  path: Assets/Sprites/candy_110/ice_01.png
  artifactKey: Guid(5c045bcf226089f46abb69dc8e86ab1c) Importer(815301076,1909f56bfc062723c751e8b465ee728b)
Start importing Assets/Sprites/candy_110/ice_01.png using Guid(5c045bcf226089f46abb69dc8e86ab1c) Importer(815301076,1909f56bfc062723c751e8b465ee728b)  -> (artifact id: 'cda4676d9cc63f0fe7314794b9e3c26a') in 0.026584 seconds
Number of updated asset objects reloaded before import = 0
Number of asset objects unloaded after import = 3
========================================================================
Received Import Request.
  Time since last request: 0.000015 seconds.
  path: Assets/Sprites/candy_110/candy6_purple_03.png
  artifactKey: Guid(b94b8bafe3fc25845a9f09e2fc066218) Importer(815301076,1909f56bfc062723c751e8b465ee728b)
Start importing Assets/Sprites/candy_110/candy6_purple_03.png using Guid(b94b8bafe3fc25845a9f09e2fc066218) Importer(815301076,1909f56bfc062723c751e8b465ee728b)  -> (artifact id: '662df8957059d3b367d1064ffa74d95f') in 0.026280 seconds
Number of updated asset objects reloaded before import = 0
Number of asset objects unloaded after import = 3
========================================================================
Received Import Request.
  Time since last request: 0.000020 seconds.
  path: Assets/Sprites/candy_110/candy7_yellow_03.png
  artifactKey: Guid(82aeea462cc6d444f8e5bfab58552036) Importer(815301076,1909f56bfc062723c751e8b465ee728b)
Start importing Assets/Sprites/candy_110/candy7_yellow_03.png using Guid(82aeea462cc6d444f8e5bfab58552036) Importer(815301076,1909f56bfc062723c751e8b465ee728b)  -> (artifact id: 'd651e20048f21bdcfa9c85c542620f29') in 0.027385 seconds
Number of updated asset objects reloaded before import = 0
Number of asset objects unloaded after import = 3
========================================================================
Received Import Request.
  Time since last request: 0.000032 seconds.
  path: Assets/Sprites/candy_110/candy8_purple_bomb.png
  artifactKey: Guid(306b684ff7d465c4aa4092de6b00fe93) Importer(815301076,1909f56bfc062723c751e8b465ee728b)
Start importing Assets/Sprites/candy_110/candy8_purple_bomb.png using Guid(306b684ff7d465c4aa4092de6b00fe93) Importer(815301076,1909f56bfc062723c751e8b465ee728b)  -> (artifact id: 'e10dce81860a206785b66308c471b7fd') in 0.023067 seconds
Number of updated asset objects reloaded before import = 0
Number of asset objects unloaded after import = 3
========================================================================
Received Import Request.
  Time since last request: 0.000019 seconds.
  path: Assets/Sprites/candy_110/candy7_purple_01.png
  artifactKey: Guid(8ae5d977bea4b1c4fa1d7e7f7a1430ac) Importer(815301076,1909f56bfc062723c751e8b465ee728b)
Start importing Assets/Sprites/candy_110/candy7_purple_01.png using Guid(8ae5d977bea4b1c4fa1d7e7f7a1430ac) Importer(815301076,1909f56bfc062723c751e8b465ee728b)  -> (artifact id: '66cc6bbdf2860fadb5a0bc92ce72e09d') in 0.022172 seconds
Number of updated asset objects reloaded before import = 0
Number of asset objects unloaded after import = 3
========================================================================
Received Import Request.
  Time since last request: 0.000019 seconds.
  path: Assets/Sprites/candy_110/candy7_blue_02.png
  artifactKey: Guid(57c7d10b46430d649a5f7f8628c87909) Importer(815301076,1909f56bfc062723c751e8b465ee728b)
Start importing Assets/Sprites/candy_110/candy7_blue_02.png using Guid(57c7d10b46430d649a5f7f8628c87909) Importer(815301076,1909f56bfc062723c751e8b465ee728b)  -> (artifact id: '1e86e26b66a988b266e982fe3bca1bdf') in 0.021168 seconds
Number of updated asset objects reloaded before import = 0
Number of asset objects unloaded after import = 3
========================================================================
Received Import Request.
  Time since last request: 0.000021 seconds.
  path: Assets/Sprites/candy_110/candy8_orange_bomb.png
  artifactKey: Guid(9e4bf9afbfc76af40855beb5caa6591a) Importer(815301076,1909f56bfc062723c751e8b465ee728b)
Start importing Assets/Sprites/candy_110/candy8_orange_bomb.png using Guid(9e4bf9afbfc76af40855beb5caa6591a) Importer(815301076,1909f56bfc062723c751e8b465ee728b)  -> (artifact id: 'e119ec6e208c7294fd30aaad01b280e3') in 0.022595 seconds
Number of updated asset objects reloaded before import = 0
Number of asset objects unloaded after import = 3
========================================================================
Received Import Request.
  Time since last request: 0.000023 seconds.
  path: Assets/Sprites/candy_110/candy8_yellow_bomb.png
  artifactKey: Guid(93b87d93ed860b04cb4bb8096a1d652c) Importer(815301076,1909f56bfc062723c751e8b465ee728b)
Start importing Assets/Sprites/candy_110/candy8_yellow_bomb.png using Guid(93b87d93ed860b04cb4bb8096a1d652c) Importer(815301076,1909f56bfc062723c751e8b465ee728b)  -> (artifact id: '344b1a2129bef76f3e510541e8faf035') in 0.022201 seconds
Number of updated asset objects reloaded before import = 0
Number of asset objects unloaded after import = 3
========================================================================
Received Import Request.
  Time since last request: 0.000031 seconds.
  path: Assets/Sprites/candy_110/candy7_purple_03.png
  artifactKey: Guid(4b553e69053f4e64882f8a33c0f9e17d) Importer(815301076,1909f56bfc062723c751e8b465ee728b)
Start importing Assets/Sprites/candy_110/candy7_purple_03.png using Guid(4b553e69053f4e64882f8a33c0f9e17d) Importer(815301076,1909f56bfc062723c751e8b465ee728b)  -> (artifact id: '3483c201e4e383ec97445a4a15e3cc38') in 0.021585 seconds
Number of updated asset objects reloaded before import = 0
Number of asset objects unloaded after import = 3
Editor requested this worker to shutdown with reason: Scaling down because of idle timeout
TcpMessagingSession - receive error: operation aborted. errorcode: 995, details: Bir i parac k veya bir uygulama istei nedeniyle G/ ilemi iptal edildi.
AssetImportWorker is now disconnected from the server
Process exiting
Exiting without the bug reporter. Application will terminate with return code 0